[2024-08-15 13:48:34] production.ERROR: Please provide a valid cache path. {"exception":"[object] (InvalidArgumentException(code: 0): Please provide a valid cache path. at /home/isidoredev/Documents/doc-important/Tikermas_entretiens/code/New/Api_billetterie/code_Billeterie/vendor/laravel/framework/src/Illuminate/View/Compilers/Compiler.php:67)
[stacktrace]
#0 /home/isidoredev/Documents/doc-important/Tikermas_entretiens/code/New/Api_billetterie/code_Billeterie/vendor/laravel/framework/src/Illuminate/View/ViewServiceProvider.php(97): Illuminate\\View\\Compilers\\Compiler->__construct()
#1 /home/isidoredev/Documents/doc-important/Tikermas_entretiens/code/New/Api_billetterie/code_Billeterie/vendor/laravel/framework/src/Illuminate/Container/Container.php(908): Illuminate\\View\\ViewServiceProvider->Illuminate\\View\\{closure}()
#2 /home/isidoredev/Documents/doc-important/Tikermas_entretiens/code/New/Api_billetterie/code_Billeterie/vendor/laravel/framework/src/Illuminate/Container/Container.php(795): Illuminate\\Container\\Container->build()
#3 /home/isidoredev/Documents/doc-important/Tikermas_entretiens/code/New/Api_billetterie/code_Billeterie/vendor/laravel/framework/src/Illuminate/Foundation/Application.php(961): Illuminate\\Container\\Container->resolve()
#4 /home/isidoredev/Documents/doc-important/Tikermas_entretiens/code/New/Api_billetterie/code_Billeterie/vendor/laravel/framework/src/Illuminate/Container/Container.php(731): Illuminate\\Foundation\\Application->resolve()
#5 /home/isidoredev/Documents/doc-important/Tikermas_entretiens/code/New/Api_billetterie/code_Billeterie/vendor/laravel/framework/src/Illuminate/Foundation/Application.php(946): Illuminate\\Container\\Container->make()
#6 /home/isidoredev/Documents/doc-important/Tikermas_entretiens/code/New/Api_billetterie/code_Billeterie/vendor/laravel/framework/src/Illuminate/Container/Container.php(1454): Illuminate\\Foundation\\Application->make()
#7 /home/isidoredev/Documents/doc-important/Tikermas_entretiens/code/New/Api_billetterie/code_Billeterie/vendor/laravel/framework/src/Illuminate/Support/Facades/Facade.php(237): Illuminate\\Container\\Container->offsetGet()
#8 /home/isidoredev/Documents/doc-important/Tikermas_entretiens/code/New/Api_billetterie/code_Billeterie/vendor/laravel/framework/src/Illuminate/Support/Facades/Facade.php(208): Illuminate\\Support\\Facades\\Facade::resolveFacadeInstance()
#9 /home/isidoredev/Documents/doc-important/Tikermas_entretiens/code/New/Api_billetterie/code_Billeterie/vendor/laravel/framework/src/Illuminate/Support/Facades/Facade.php(349): Illuminate\\Support\\Facades\\Facade::getFacadeRoot()
#10 /home/isidoredev/Documents/doc-important/Tikermas_entretiens/code/New/Api_billetterie/code_Billeterie/vendor/ismaelw/laratex/src/LaraTeXServiceProvider.php(21): Illuminate\\Support\\Facades\\Facade::__callStatic()
#11 /home/isidoredev/Documents/doc-important/Tikermas_entretiens/code/New/Api_billetterie/code_Billeterie/vendor/laravel/framework/src/Illuminate/Container/BoundMethod.php(36): Ismaelw\\LaraTeX\\LaraTeXServiceProvider->boot()
#12 /home/isidoredev/Documents/doc-important/Tikermas_entretiens/code/New/Api_billetterie/code_Billeterie/vendor/laravel/framework/src/Illuminate/Container/Util.php(41): Illuminate\\Container\\BoundMethod::Illuminate\\Container\\{closure}()
#13 /home/isidoredev/Documents/doc-important/Tikermas_entretiens/code/New/Api_billetterie/code_Billeterie/vendor/laravel/framework/src/Illuminate/Container/BoundMethod.php(93): Illuminate\\Container\\Util::unwrapIfClosure()
#14 /home/isidoredev/Documents/doc-important/Tikermas_entretiens/code/New/Api_billetterie/code_Billeterie/vendor/laravel/framework/src/Illuminate/Container/BoundMethod.php(35): Illuminate\\Container\\BoundMethod::callBoundMethod()
#15 /home/isidoredev/Documents/doc-important/Tikermas_entretiens/code/New/Api_billetterie/code_Billeterie/vendor/laravel/framework/src/Illuminate/Container/Container.php(662): Illuminate\\Container\\BoundMethod::call()
#16 /home/isidoredev/Documents/doc-important/Tikermas_entretiens/code/New/Api_billetterie/code_Billeterie/vendor/laravel/framework/src/Illuminate/Foundation/Application.php(1034): Illuminate\\Container\\Container->call()
#17 /home/isidoredev/Documents/doc-important/Tikermas_entretiens/code/New/Api_billetterie/code_Billeterie/vendor/laravel/framework/src/Illuminate/Foundation/Application.php(1015): Illuminate\\Foundation\\Application->bootProvider()
#18 [internal function]: Illuminate\\Foundation\\Application->Illuminate\\Foundation\\{closure}()
#19 /home/isidoredev/Documents/doc-important/Tikermas_entretiens/code/New/Api_billetterie/code_Billeterie/vendor/laravel/framework/src/Illuminate/Foundation/Application.php(1014): array_walk()
#20 /home/isidoredev/Documents/doc-important/Tikermas_entretiens/code/New/Api_billetterie/code_Billeterie/vendor/laravel/framework/src/Illuminate/Foundation/Bootstrap/BootProviders.php(17): Illuminate\\Foundation\\Application->boot()
#21 /home/isidoredev/Documents/doc-important/Tikermas_entretiens/code/New/Api_billetterie/code_Billeterie/vendor/laravel/framework/src/Illuminate/Foundation/Application.php(263): Illuminate\\Foundation\\Bootstrap\\BootProviders->bootstrap()
#22 /home/isidoredev/Documents/doc-important/Tikermas_entretiens/code/New/Api_billetterie/code_Billeterie/vendor/laravel/framework/src/Illuminate/Foundation/Console/Kernel.php(447): Illuminate\\Foundation\\Application->bootstrapWith()
#23 /home/isidoredev/Documents/doc-important/Tikermas_entretiens/code/New/Api_billetterie/code_Billeterie/vendor/laravel/framework/src/Illuminate/Foundation/Console/Kernel.php(199): Illuminate\\Foundation\\Console\\Kernel->bootstrap()
#24 /home/isidoredev/Documents/doc-important/Tikermas_entretiens/code/New/Api_billetterie/code_Billeterie/artisan(35): Illuminate\\Foundation\\Console\\Kernel->handle()
#25 {main}
"} 
[2024-08-15 13:58:14] local.INFO: filter_evenements called with parameters  
[2024-08-15 13:58:14] local.INFO: Events retrieved successfully {"count":1} 
[2024-08-15 13:58:50] local.INFO: filter_evenements called with parameters  
[2024-08-15 13:58:51] local.INFO: Events retrieved successfully {"count":1} 
[2024-08-16 06:30:41] local.ERROR: Class "App\Http\Controllers\DatabaseController" does not exist {"exception":"[object] (ReflectionException(code: -1): Class \"App\\Http\\Controllers\\DatabaseController\" does not exist at /home/isidoredev/Documents/doc-important/Tikermas_entretiens/Api_billetterie/code_Billeterie/vendor/laravel/framework/src/Illuminate/Foundation/Console/RouteListCommand.php:225)
[stacktrace]
#0 /home/isidoredev/Documents/doc-important/Tikermas_entretiens/Api_billetterie/code_Billeterie/vendor/laravel/framework/src/Illuminate/Foundation/Console/RouteListCommand.php(225): ReflectionClass->__construct()
#1 /home/isidoredev/Documents/doc-important/Tikermas_entretiens/Api_billetterie/code_Billeterie/vendor/laravel/framework/src/Illuminate/Foundation/Console/RouteListCommand.php(147): Illuminate\\Foundation\\Console\\RouteListCommand->isVendorRoute()
#2 /home/isidoredev/Documents/doc-important/Tikermas_entretiens/Api_billetterie/code_Billeterie/vendor/laravel/framework/src/Illuminate/Foundation/Console/RouteListCommand.php(116): Illuminate\\Foundation\\Console\\RouteListCommand->getRouteInformation()
#3 [internal function]: Illuminate\\Foundation\\Console\\RouteListCommand->Illuminate\\Foundation\\Console\\{closure}()
#4 /home/isidoredev/Documents/doc-important/Tikermas_entretiens/Api_billetterie/code_Billeterie/vendor/laravel/framework/src/Illuminate/Collections/Arr.php(600): array_map()
#5 /home/isidoredev/Documents/doc-important/Tikermas_entretiens/Api_billetterie/code_Billeterie/vendor/laravel/framework/src/Illuminate/Collections/Collection.php(778): Illuminate\\Support\\Arr::map()
#6 /home/isidoredev/Documents/doc-important/Tikermas_entretiens/Api_billetterie/code_Billeterie/vendor/laravel/framework/src/Illuminate/Foundation/Console/RouteListCommand.php(115): Illuminate\\Support\\Collection->map()
#7 /home/isidoredev/Documents/doc-important/Tikermas_entretiens/Api_billetterie/code_Billeterie/vendor/laravel/framework/src/Illuminate/Foundation/Console/RouteListCommand.php(101): Illuminate\\Foundation\\Console\\RouteListCommand->getRoutes()
#8 /home/isidoredev/Documents/doc-important/Tikermas_entretiens/Api_billetterie/code_Billeterie/vendor/laravel/framework/src/Illuminate/Container/BoundMethod.php(36): Illuminate\\Foundation\\Console\\RouteListCommand->handle()
#9 /home/isidoredev/Documents/doc-important/Tikermas_entretiens/Api_billetterie/code_Billeterie/vendor/laravel/framework/src/Illuminate/Container/Util.php(41): Illuminate\\Container\\BoundMethod::Illuminate\\Container\\{closure}()
#10 /home/isidoredev/Documents/doc-important/Tikermas_entretiens/Api_billetterie/code_Billeterie/vendor/laravel/framework/src/Illuminate/Container/BoundMethod.php(93): Illuminate\\Container\\Util::unwrapIfClosure()
#11 /home/isidoredev/Documents/doc-important/Tikermas_entretiens/Api_billetterie/code_Billeterie/vendor/laravel/framework/src/Illuminate/Container/BoundMethod.php(35): Illuminate\\Container\\BoundMethod::callBoundMethod()
#12 /home/isidoredev/Documents/doc-important/Tikermas_entretiens/Api_billetterie/code_Billeterie/vendor/laravel/framework/src/Illuminate/Container/Container.php(662): Illuminate\\Container\\BoundMethod::call()
#13 /home/isidoredev/Documents/doc-important/Tikermas_entretiens/Api_billetterie/code_Billeterie/vendor/laravel/framework/src/Illuminate/Console/Command.php(211): Illuminate\\Container\\Container->call()
#14 /home/isidoredev/Documents/doc-important/Tikermas_entretiens/Api_billetterie/code_Billeterie/vendor/symfony/console/Command/Command.php(326): Illuminate\\Console\\Command->execute()
#15 /home/isidoredev/Documents/doc-important/Tikermas_entretiens/Api_billetterie/code_Billeterie/vendor/laravel/framework/src/Illuminate/Console/Command.php(180): Symfony\\Component\\Console\\Command\\Command->run()
#16 /home/isidoredev/Documents/doc-important/Tikermas_entretiens/Api_billetterie/code_Billeterie/vendor/symfony/console/Application.php(1096): Illuminate\\Console\\Command->run()
#17 /home/isidoredev/Documents/doc-important/Tikermas_entretiens/Api_billetterie/code_Billeterie/vendor/symfony/console/Application.php(324): Symfony\\Component\\Console\\Application->doRunCommand()
#18 /home/isidoredev/Documents/doc-important/Tikermas_entretiens/Api_billetterie/code_Billeterie/vendor/symfony/console/Application.php(175): Symfony\\Component\\Console\\Application->doRun()
#19 /home/isidoredev/Documents/doc-important/Tikermas_entretiens/Api_billetterie/code_Billeterie/vendor/laravel/framework/src/Illuminate/Foundation/Console/Kernel.php(201): Symfony\\Component\\Console\\Application->run()
#20 /home/isidoredev/Documents/doc-important/Tikermas_entretiens/Api_billetterie/code_Billeterie/artisan(35): Illuminate\\Foundation\\Console\\Kernel->handle()
#21 {main}
"} 
[2024-08-16 06:33:35] local.ERROR: Call to undefined method Illuminate\Database\Eloquent\Builder::query() {"userId":2,"exception":"[object] (BadMethodCallException(code: 0): Call to undefined method Illuminate\\Database\\Eloquent\\Builder::query() at /home/isidoredev/Documents/doc-important/Tikermas_entretiens/Api_billetterie/code_Billeterie/vendor/laravel/framework/src/Illuminate/Support/Traits/ForwardsCalls.php:67)
[stacktrace]
#0 /home/isidoredev/Documents/doc-important/Tikermas_entretiens/Api_billetterie/code_Billeterie/vendor/laravel/framework/src/Illuminate/Support/Traits/ForwardsCalls.php(36): Illuminate\\Database\\Eloquent\\Builder::throwBadMethodCallException()
#1 /home/isidoredev/Documents/doc-important/Tikermas_entretiens/Api_billetterie/code_Billeterie/vendor/laravel/framework/src/Illuminate/Database/Eloquent/Builder.php(1985): Illuminate\\Database\\Eloquent\\Builder->forwardCallTo()
#2 /home/isidoredev/Documents/doc-important/Tikermas_entretiens/Api_billetterie/code_Billeterie/app/Http/Controllers/EventController.php(26): Illuminate\\Database\\Eloquent\\Builder->__call()
#3 /home/isidoredev/Documents/doc-important/Tikermas_entretiens/Api_billetterie/code_Billeterie/vendor/laravel/framework/src/Illuminate/Routing/Controller.php(54): App\\Http\\Controllers\\EventController->index()
#4 /home/isidoredev/Documents/doc-important/Tikermas_entretiens/Api_billetterie/code_Billeterie/vendor/laravel/framework/src/Illuminate/Routing/ControllerDispatcher.php(43): Illuminate\\Routing\\Controller->callAction()
#5 /home/isidoredev/Documents/doc-important/Tikermas_entretiens/Api_billetterie/code_Billeterie/vendor/laravel/framework/src/Illuminate/Routing/Route.php(259): Illuminate\\Routing\\ControllerDispatcher->dispatch()
#6 /home/isidoredev/Documents/doc-important/Tikermas_entretiens/Api_billetterie/code_Billeterie/vendor/laravel/framework/src/Illuminate/Routing/Route.php(205): Illuminate\\Routing\\Route->runController()
#7 /home/isidoredev/Documents/doc-important/Tikermas_entretiens/Api_billetterie/code_Billeterie/vendor/laravel/framework/src/Illuminate/Routing/Router.php(806): Illuminate\\Routing\\Route->run()
#8 /home/isidoredev/Documents/doc-important/Tikermas_entretiens/Api_billetterie/code_Billeterie/vendor/laravel/framework/src/Illuminate/Pipeline/Pipeline.php(144): Illuminate\\Routing\\Router->Illuminate\\Routing\\{closure}()
#9 /home/isidoredev/Documents/doc-important/Tikermas_entretiens/Api_billetterie/code_Billeterie/vendor/spatie/laravel-permission/src/Middleware/PermissionMiddleware.php(39): Illuminate\\Pipeline\\Pipeline->Illuminate\\Pipeline\\{closure}()
#10 /home/isidoredev/Documents/doc-important/Tikermas_entretiens/Api_billetterie/code_Billeterie/vendor/laravel/framework/src/Illuminate/Pipeline/Pipeline.php(183): Spatie\\Permission\\Middleware\\PermissionMiddleware->handle()
#11 /home/isidoredev/Documents/doc-important/Tikermas_entretiens/Api_billetterie/code_Billeterie/vendor/laravel/framework/src/Illuminate/Routing/Middleware/SubstituteBindings.php(50): Illuminate\\Pipeline\\Pipeline->Illuminate\\Pipeline\\{closure}()
#12 /home/isidoredev/Documents/doc-important/Tikermas_entretiens/Api_billetterie/code_Billeterie/vendor/laravel/framework/src/Illuminate/Pipeline/Pipeline.php(183): Illuminate\\Routing\\Middleware\\SubstituteBindings->handle()
#13 /home/isidoredev/Documents/doc-important/Tikermas_entretiens/Api_billetterie/code_Billeterie/vendor/laravel/framework/src/Illuminate/Foundation/Http/Middleware/VerifyCsrfToken.php(78): Illuminate\\Pipeline\\Pipeline->Illuminate\\Pipeline\\{closure}()
#14 /home/isidoredev/Documents/doc-important/Tikermas_entretiens/Api_billetterie/code_Billeterie/vendor/laravel/framework/src/Illuminate/Pipeline/Pipeline.php(183): Illuminate\\Foundation\\Http\\Middleware\\VerifyCsrfToken->handle()
#15 /home/isidoredev/Documents/doc-important/Tikermas_entretiens/Api_billetterie/code_Billeterie/vendor/laravel/framework/src/Illuminate/View/Middleware/ShareErrorsFromSession.php(49): Illuminate\\Pipeline\\Pipeline->Illuminate\\Pipeline\\{closure}()
#16 /home/isidoredev/Documents/doc-important/Tikermas_entretiens/Api_billetterie/code_Billeterie/vendor/laravel/framework/src/Illuminate/Pipeline/Pipeline.php(183): Illuminate\\View\\Middleware\\ShareErrorsFromSession->handle()
#17 /home/isidoredev/Documents/doc-important/Tikermas_entretiens/Api_billetterie/code_Billeterie/vendor/laravel/framework/src/Illuminate/Session/Middleware/StartSession.php(121): Illuminate\\Pipeline\\Pipeline->Illuminate\\Pipeline\\{closure}()
#18 /home/isidoredev/Documents/doc-important/Tikermas_entretiens/Api_billetterie/code_Billeterie/vendor/laravel/framework/src/Illuminate/Session/Middleware/StartSession.php(64): Illuminate\\Session\\Middleware\\StartSession->handleStatefulRequest()
#19 /home/isidoredev/Documents/doc-important/Tikermas_entretiens/Api_billetterie/code_Billeterie/vendor/laravel/framework/src/Illuminate/Pipeline/Pipeline.php(183): Illuminate\\Session\\Middleware\\StartSession->handle()
#20 /home/isidoredev/Documents/doc-important/Tikermas_entretiens/Api_billetterie/code_Billeterie/vendor/laravel/framework/src/Illuminate/Cookie/Middleware/AddQueuedCookiesToResponse.php(37): Illuminate\\Pipeline\\Pipeline->Illuminate\\Pipeline\\{closure}()
#21 /home/isidoredev/Documents/doc-important/Tikermas_entretiens/Api_billetterie/code_Billeterie/vendor/laravel/framework/src/Illuminate/Pipeline/Pipeline.php(183): Illuminate\\Cookie\\Middleware\\AddQueuedCookiesToResponse->handle()
#22 /home/isidoredev/Documents/doc-important/Tikermas_entretiens/Api_billetterie/code_Billeterie/vendor/laravel/framework/src/Illuminate/Cookie/Middleware/EncryptCookies.php(67): Illuminate\\Pipeline\\Pipeline->Illuminate\\Pipeline\\{closure}()
#23 /home/isidoredev/Documents/doc-important/Tikermas_entretiens/Api_billetterie/code_Billeterie/vendor/laravel/framework/src/Illuminate/Pipeline/Pipeline.php(183): Illuminate\\Cookie\\Middleware\\EncryptCookies->handle()
#24 /home/isidoredev/Documents/doc-important/Tikermas_entretiens/Api_billetterie/code_Billeterie/vendor/laravel/framework/src/Illuminate/Pipeline/Pipeline.php(119): Illuminate\\Pipeline\\Pipeline->Illuminate\\Pipeline\\{closure}()
#25 /home/isidoredev/Documents/doc-important/Tikermas_entretiens/Api_billetterie/code_Billeterie/vendor/laravel/framework/src/Illuminate/Routing/Router.php(805): Illuminate\\Pipeline\\Pipeline->then()
#26 /home/isidoredev/Documents/doc-important/Tikermas_entretiens/Api_billetterie/code_Billeterie/vendor/laravel/framework/src/Illuminate/Routing/Router.php(784): Illuminate\\Routing\\Router->runRouteWithinStack()
#27 /home/isidoredev/Documents/doc-important/Tikermas_entretiens/Api_billetterie/code_Billeterie/vendor/laravel/framework/src/Illuminate/Routing/Router.php(748): Illuminate\\Routing\\Router->runRoute()
#28 /home/isidoredev/Documents/doc-important/Tikermas_entretiens/Api_billetterie/code_Billeterie/vendor/laravel/framework/src/Illuminate/Routing/Router.php(737): Illuminate\\Routing\\Router->dispatchToRoute()
#29 /home/isidoredev/Documents/doc-important/Tikermas_entretiens/Api_billetterie/code_Billeterie/vendor/laravel/framework/src/Illuminate/Foundation/Http/Kernel.php(200): Illuminate\\Routing\\Router->dispatch()
#30 /home/isidoredev/Documents/doc-important/Tikermas_entretiens/Api_billetterie/code_Billeterie/vendor/laravel/framework/src/Illuminate/Pipeline/Pipeline.php(144): Illuminate\\Foundation\\Http\\Kernel->Illuminate\\Foundation\\Http\\{closure}()
#31 /home/isidoredev/Documents/doc-important/Tikermas_entretiens/Api_billetterie/code_Billeterie/vendor/livewire/livewire/src/Features/SupportDisablingBackButtonCache/DisableBackButtonCacheMiddleware.php(19): Illuminate\\Pipeline\\Pipeline->Illuminate\\Pipeline\\{closure}()
#32 /home/isidoredev/Documents/doc-important/Tikermas_entretiens/Api_billetterie/code_Billeterie/vendor/laravel/framework/src/Illuminate/Pipeline/Pipeline.php(183): Livewire\\Features\\SupportDisablingBackButtonCache\\DisableBackButtonCacheMiddleware->handle()
#33 /home/isidoredev/Documents/doc-important/Tikermas_entretiens/Api_billetterie/code_Billeterie/vendor/laravel/framework/src/Illuminate/Foundation/Http/Middleware/TransformsRequest.php(21): Illuminate\\Pipeline\\Pipeline->Illuminate\\Pipeline\\{closure}()
#34 /home/isidoredev/Documents/doc-important/Tikermas_entretiens/Api_billetterie/code_Billeterie/vendor/laravel/framework/src/Illuminate/Foundation/Http/Middleware/ConvertEmptyStringsToNull.php(31): Illuminate\\Foundation\\Http\\Middleware\\TransformsRequest->handle()
#35 /home/isidoredev/Documents/doc-important/Tikermas_entretiens/Api_billetterie/code_Billeterie/vendor/laravel/framework/src/Illuminate/Pipeline/Pipeline.php(183): Illuminate\\Foundation\\Http\\Middleware\\ConvertEmptyStringsToNull->handle()
#36 /home/isidoredev/Documents/doc-important/Tikermas_entretiens/Api_billetterie/code_Billeterie/vendor/laravel/framework/src/Illuminate/Foundation/Http/Middleware/TransformsRequest.php(21): Illuminate\\Pipeline\\Pipeline->Illuminate\\Pipeline\\{closure}()
#37 /home/isidoredev/Documents/doc-important/Tikermas_entretiens/Api_billetterie/code_Billeterie/vendor/laravel/framework/src/Illuminate/Foundation/Http/Middleware/TrimStrings.php(40): Illuminate\\Foundation\\Http\\Middleware\\TransformsRequest->handle()
#38 /home/isidoredev/Documents/doc-important/Tikermas_entretiens/Api_billetterie/code_Billeterie/vendor/laravel/framework/src/Illuminate/Pipeline/Pipeline.php(183): Illuminate\\Foundation\\Http\\Middleware\\TrimStrings->handle()
#39 /home/isidoredev/Documents/doc-important/Tikermas_entretiens/Api_billetterie/code_Billeterie/vendor/laravel/framework/src/Illuminate/Foundation/Http/Middleware/ValidatePostSize.php(27): Illuminate\\Pipeline\\Pipeline->Illuminate\\Pipeline\\{closure}()
#40 /home/isidoredev/Documents/doc-important/Tikermas_entretiens/Api_billetterie/code_Billeterie/vendor/laravel/framework/src/Illuminate/Pipeline/Pipeline.php(183): Illuminate\\Foundation\\Http\\Middleware\\ValidatePostSize->handle()
#41 /home/isidoredev/Documents/doc-important/Tikermas_entretiens/Api_billetterie/code_Billeterie/vendor/laravel/framework/src/Illuminate/Foundation/Http/Middleware/PreventRequestsDuringMaintenance.php(99): Illuminate\\Pipeline\\Pipeline->Illuminate\\Pipeline\\{closure}()
#42 /home/isidoredev/Documents/doc-important/Tikermas_entretiens/Api_billetterie/code_Billeterie/vendor/laravel/framework/src/Illuminate/Pipeline/Pipeline.php(183): Illuminate\\Foundation\\Http\\Middleware\\PreventRequestsDuringMaintenance->handle()
#43 /home/isidoredev/Documents/doc-important/Tikermas_entretiens/Api_billetterie/code_Billeterie/vendor/laravel/framework/src/Illuminate/Http/Middleware/HandleCors.php(49): Illuminate\\Pipeline\\Pipeline->Illuminate\\Pipeline\\{closure}()
#44 /home/isidoredev/Documents/doc-important/Tikermas_entretiens/Api_billetterie/code_Billeterie/vendor/laravel/framework/src/Illuminate/Pipeline/Pipeline.php(183): Illuminate\\Http\\Middleware\\HandleCors->handle()
#45 /home/isidoredev/Documents/doc-important/Tikermas_entretiens/Api_billetterie/code_Billeterie/vendor/laravel/framework/src/Illuminate/Http/Middleware/TrustProxies.php(39): Illuminate\\Pipeline\\Pipeline->Illuminate\\Pipeline\\{closure}()
#46 /home/isidoredev/Documents/doc-important/Tikermas_entretiens/Api_billetterie/code_Billeterie/vendor/laravel/framework/src/Illuminate/Pipeline/Pipeline.php(183): Illuminate\\Http\\Middleware\\TrustProxies->handle()
#47 /home/isidoredev/Documents/doc-important/Tikermas_entretiens/Api_billetterie/code_Billeterie/vendor/laravel/framework/src/Illuminate/Pipeline/Pipeline.php(119): Illuminate\\Pipeline\\Pipeline->Illuminate\\Pipeline\\{closure}()
#48 /home/isidoredev/Documents/doc-important/Tikermas_entretiens/Api_billetterie/code_Billeterie/vendor/laravel/framework/src/Illuminate/Foundation/Http/Kernel.php(175): Illuminate\\Pipeline\\Pipeline->then()
#49 /home/isidoredev/Documents/doc-important/Tikermas_entretiens/Api_billetterie/code_Billeterie/vendor/laravel/framework/src/Illuminate/Foundation/Http/Kernel.php(144): Illuminate\\Foundation\\Http\\Kernel->sendRequestThroughRouter()
#50 /home/isidoredev/Documents/doc-important/Tikermas_entretiens/Api_billetterie/code_Billeterie/public/index.php(51): Illuminate\\Foundation\\Http\\Kernel->handle()
#51 /home/isidoredev/Documents/doc-important/Tikermas_entretiens/Api_billetterie/code_Billeterie/vendor/laravel/framework/src/Illuminate/Foundation/resources/server.php(16): require_once('...')
#52 {main}
"} 
[2024-08-16 06:34:10] local.ERROR: Call to undefined method Illuminate\Database\Eloquent\Builder::query() {"userId":2,"exception":"[object] (BadMethodCallException(code: 0): Call to undefined method Illuminate\\Database\\Eloquent\\Builder::query() at /home/isidoredev/Documents/doc-important/Tikermas_entretiens/Api_billetterie/code_Billeterie/vendor/laravel/framework/src/Illuminate/Support/Traits/ForwardsCalls.php:67)
[stacktrace]
#0 /home/isidoredev/Documents/doc-important/Tikermas_entretiens/Api_billetterie/code_Billeterie/vendor/laravel/framework/src/Illuminate/Support/Traits/ForwardsCalls.php(36): Illuminate\\Database\\Eloquent\\Builder::throwBadMethodCallException()
#1 /home/isidoredev/Documents/doc-important/Tikermas_entretiens/Api_billetterie/code_Billeterie/vendor/laravel/framework/src/Illuminate/Database/Eloquent/Builder.php(1985): Illuminate\\Database\\Eloquent\\Builder->forwardCallTo()
#2 /home/isidoredev/Documents/doc-important/Tikermas_entretiens/Api_billetterie/code_Billeterie/app/Http/Controllers/EventController.php(25): Illuminate\\Database\\Eloquent\\Builder->__call()
#3 /home/isidoredev/Documents/doc-important/Tikermas_entretiens/Api_billetterie/code_Billeterie/vendor/laravel/framework/src/Illuminate/Routing/Controller.php(54): App\\Http\\Controllers\\EventController->index()
#4 /home/isidoredev/Documents/doc-important/Tikermas_entretiens/Api_billetterie/code_Billeterie/vendor/laravel/framework/src/Illuminate/Routing/ControllerDispatcher.php(43): Illuminate\\Routing\\Controller->callAction()
#5 /home/isidoredev/Documents/doc-important/Tikermas_entretiens/Api_billetterie/code_Billeterie/vendor/laravel/framework/src/Illuminate/Routing/Route.php(259): Illuminate\\Routing\\ControllerDispatcher->dispatch()
#6 /home/isidoredev/Documents/doc-important/Tikermas_entretiens/Api_billetterie/code_Billeterie/vendor/laravel/framework/src/Illuminate/Routing/Route.php(205): Illuminate\\Routing\\Route->runController()
#7 /home/isidoredev/Documents/doc-important/Tikermas_entretiens/Api_billetterie/code_Billeterie/vendor/laravel/framework/src/Illuminate/Routing/Router.php(806): Illuminate\\Routing\\Route->run()
#8 /home/isidoredev/Documents/doc-important/Tikermas_entretiens/Api_billetterie/code_Billeterie/vendor/laravel/framework/src/Illuminate/Pipeline/Pipeline.php(144): Illuminate\\Routing\\Router->Illuminate\\Routing\\{closure}()
#9 /home/isidoredev/Documents/doc-important/Tikermas_entretiens/Api_billetterie/code_Billeterie/vendor/spatie/laravel-permission/src/Middleware/PermissionMiddleware.php(39): Illuminate\\Pipeline\\Pipeline->Illuminate\\Pipeline\\{closure}()
#10 /home/isidoredev/Documents/doc-important/Tikermas_entretiens/Api_billetterie/code_Billeterie/vendor/laravel/framework/src/Illuminate/Pipeline/Pipeline.php(183): Spatie\\Permission\\Middleware\\PermissionMiddleware->handle()
#11 /home/isidoredev/Documents/doc-important/Tikermas_entretiens/Api_billetterie/code_Billeterie/vendor/laravel/framework/src/Illuminate/Routing/Middleware/SubstituteBindings.php(50): Illuminate\\Pipeline\\Pipeline->Illuminate\\Pipeline\\{closure}()
#12 /home/isidoredev/Documents/doc-important/Tikermas_entretiens/Api_billetterie/code_Billeterie/vendor/laravel/framework/src/Illuminate/Pipeline/Pipeline.php(183): Illuminate\\Routing\\Middleware\\SubstituteBindings->handle()
#13 /home/isidoredev/Documents/doc-important/Tikermas_entretiens/Api_billetterie/code_Billeterie/vendor/laravel/framework/src/Illuminate/Foundation/Http/Middleware/VerifyCsrfToken.php(78): Illuminate\\Pipeline\\Pipeline->Illuminate\\Pipeline\\{closure}()
#14 /home/isidoredev/Documents/doc-important/Tikermas_entretiens/Api_billetterie/code_Billeterie/vendor/laravel/framework/src/Illuminate/Pipeline/Pipeline.php(183): Illuminate\\Foundation\\Http\\Middleware\\VerifyCsrfToken->handle()
#15 /home/isidoredev/Documents/doc-important/Tikermas_entretiens/Api_billetterie/code_Billeterie/vendor/laravel/framework/src/Illuminate/View/Middleware/ShareErrorsFromSession.php(49): Illuminate\\Pipeline\\Pipeline->Illuminate\\Pipeline\\{closure}()
#16 /home/isidoredev/Documents/doc-important/Tikermas_entretiens/Api_billetterie/code_Billeterie/vendor/laravel/framework/src/Illuminate/Pipeline/Pipeline.php(183): Illuminate\\View\\Middleware\\ShareErrorsFromSession->handle()
#17 /home/isidoredev/Documents/doc-important/Tikermas_entretiens/Api_billetterie/code_Billeterie/vendor/laravel/framework/src/Illuminate/Session/Middleware/StartSession.php(121): Illuminate\\Pipeline\\Pipeline->Illuminate\\Pipeline\\{closure}()
#18 /home/isidoredev/Documents/doc-important/Tikermas_entretiens/Api_billetterie/code_Billeterie/vendor/laravel/framework/src/Illuminate/Session/Middleware/StartSession.php(64): Illuminate\\Session\\Middleware\\StartSession->handleStatefulRequest()
#19 /home/isidoredev/Documents/doc-important/Tikermas_entretiens/Api_billetterie/code_Billeterie/vendor/laravel/framework/src/Illuminate/Pipeline/Pipeline.php(183): Illuminate\\Session\\Middleware\\StartSession->handle()
#20 /home/isidoredev/Documents/doc-important/Tikermas_entretiens/Api_billetterie/code_Billeterie/vendor/laravel/framework/src/Illuminate/Cookie/Middleware/AddQueuedCookiesToResponse.php(37): Illuminate\\Pipeline\\Pipeline->Illuminate\\Pipeline\\{closure}()
#21 /home/isidoredev/Documents/doc-important/Tikermas_entretiens/Api_billetterie/code_Billeterie/vendor/laravel/framework/src/Illuminate/Pipeline/Pipeline.php(183): Illuminate\\Cookie\\Middleware\\AddQueuedCookiesToResponse->handle()
#22 /home/isidoredev/Documents/doc-important/Tikermas_entretiens/Api_billetterie/code_Billeterie/vendor/laravel/framework/src/Illuminate/Cookie/Middleware/EncryptCookies.php(67): Illuminate\\Pipeline\\Pipeline->Illuminate\\Pipeline\\{closure}()
#23 /home/isidoredev/Documents/doc-important/Tikermas_entretiens/Api_billetterie/code_Billeterie/vendor/laravel/framework/src/Illuminate/Pipeline/Pipeline.php(183): Illuminate\\Cookie\\Middleware\\EncryptCookies->handle()
#24 /home/isidoredev/Documents/doc-important/Tikermas_entretiens/Api_billetterie/code_Billeterie/vendor/laravel/framework/src/Illuminate/Pipeline/Pipeline.php(119): Illuminate\\Pipeline\\Pipeline->Illuminate\\Pipeline\\{closure}()
#25 /home/isidoredev/Documents/doc-important/Tikermas_entretiens/Api_billetterie/code_Billeterie/vendor/laravel/framework/src/Illuminate/Routing/Router.php(805): Illuminate\\Pipeline\\Pipeline->then()
#26 /home/isidoredev/Documents/doc-important/Tikermas_entretiens/Api_billetterie/code_Billeterie/vendor/laravel/framework/src/Illuminate/Routing/Router.php(784): Illuminate\\Routing\\Router->runRouteWithinStack()
#27 /home/isidoredev/Documents/doc-important/Tikermas_entretiens/Api_billetterie/code_Billeterie/vendor/laravel/framework/src/Illuminate/Routing/Router.php(748): Illuminate\\Routing\\Router->runRoute()
#28 /home/isidoredev/Documents/doc-important/Tikermas_entretiens/Api_billetterie/code_Billeterie/vendor/laravel/framework/src/Illuminate/Routing/Router.php(737): Illuminate\\Routing\\Router->dispatchToRoute()
#29 /home/isidoredev/Documents/doc-important/Tikermas_entretiens/Api_billetterie/code_Billeterie/vendor/laravel/framework/src/Illuminate/Foundation/Http/Kernel.php(200): Illuminate\\Routing\\Router->dispatch()
#30 /home/isidoredev/Documents/doc-important/Tikermas_entretiens/Api_billetterie/code_Billeterie/vendor/laravel/framework/src/Illuminate/Pipeline/Pipeline.php(144): Illuminate\\Foundation\\Http\\Kernel->Illuminate\\Foundation\\Http\\{closure}()
#31 /home/isidoredev/Documents/doc-important/Tikermas_entretiens/Api_billetterie/code_Billeterie/vendor/livewire/livewire/src/Features/SupportDisablingBackButtonCache/DisableBackButtonCacheMiddleware.php(19): Illuminate\\Pipeline\\Pipeline->Illuminate\\Pipeline\\{closure}()
#32 /home/isidoredev/Documents/doc-important/Tikermas_entretiens/Api_billetterie/code_Billeterie/vendor/laravel/framework/src/Illuminate/Pipeline/Pipeline.php(183): Livewire\\Features\\SupportDisablingBackButtonCache\\DisableBackButtonCacheMiddleware->handle()
#33 /home/isidoredev/Documents/doc-important/Tikermas_entretiens/Api_billetterie/code_Billeterie/vendor/laravel/framework/src/Illuminate/Foundation/Http/Middleware/TransformsRequest.php(21): Illuminate\\Pipeline\\Pipeline->Illuminate\\Pipeline\\{closure}()
#34 /home/isidoredev/Documents/doc-important/Tikermas_entretiens/Api_billetterie/code_Billeterie/vendor/laravel/framework/src/Illuminate/Foundation/Http/Middleware/ConvertEmptyStringsToNull.php(31): Illuminate\\Foundation\\Http\\Middleware\\TransformsRequest->handle()
#35 /home/isidoredev/Documents/doc-important/Tikermas_entretiens/Api_billetterie/code_Billeterie/vendor/laravel/framework/src/Illuminate/Pipeline/Pipeline.php(183): Illuminate\\Foundation\\Http\\Middleware\\ConvertEmptyStringsToNull->handle()
#36 /home/isidoredev/Documents/doc-important/Tikermas_entretiens/Api_billetterie/code_Billeterie/vendor/laravel/framework/src/Illuminate/Foundation/Http/Middleware/TransformsRequest.php(21): Illuminate\\Pipeline\\Pipeline->Illuminate\\Pipeline\\{closure}()
#37 /home/isidoredev/Documents/doc-important/Tikermas_entretiens/Api_billetterie/code_Billeterie/vendor/laravel/framework/src/Illuminate/Foundation/Http/Middleware/TrimStrings.php(40): Illuminate\\Foundation\\Http\\Middleware\\TransformsRequest->handle()
#38 /home/isidoredev/Documents/doc-important/Tikermas_entretiens/Api_billetterie/code_Billeterie/vendor/laravel/framework/src/Illuminate/Pipeline/Pipeline.php(183): Illuminate\\Foundation\\Http\\Middleware\\TrimStrings->handle()
#39 /home/isidoredev/Documents/doc-important/Tikermas_entretiens/Api_billetterie/code_Billeterie/vendor/laravel/framework/src/Illuminate/Foundation/Http/Middleware/ValidatePostSize.php(27): Illuminate\\Pipeline\\Pipeline->Illuminate\\Pipeline\\{closure}()
#40 /home/isidoredev/Documents/doc-important/Tikermas_entretiens/Api_billetterie/code_Billeterie/vendor/laravel/framework/src/Illuminate/Pipeline/Pipeline.php(183): Illuminate\\Foundation\\Http\\Middleware\\ValidatePostSize->handle()
#41 /home/isidoredev/Documents/doc-important/Tikermas_entretiens/Api_billetterie/code_Billeterie/vendor/laravel/framework/src/Illuminate/Foundation/Http/Middleware/PreventRequestsDuringMaintenance.php(99): Illuminate\\Pipeline\\Pipeline->Illuminate\\Pipeline\\{closure}()
#42 /home/isidoredev/Documents/doc-important/Tikermas_entretiens/Api_billetterie/code_Billeterie/vendor/laravel/framework/src/Illuminate/Pipeline/Pipeline.php(183): Illuminate\\Foundation\\Http\\Middleware\\PreventRequestsDuringMaintenance->handle()
#43 /home/isidoredev/Documents/doc-important/Tikermas_entretiens/Api_billetterie/code_Billeterie/vendor/laravel/framework/src/Illuminate/Http/Middleware/HandleCors.php(49): Illuminate\\Pipeline\\Pipeline->Illuminate\\Pipeline\\{closure}()
#44 /home/isidoredev/Documents/doc-important/Tikermas_entretiens/Api_billetterie/code_Billeterie/vendor/laravel/framework/src/Illuminate/Pipeline/Pipeline.php(183): Illuminate\\Http\\Middleware\\HandleCors->handle()
#45 /home/isidoredev/Documents/doc-important/Tikermas_entretiens/Api_billetterie/code_Billeterie/vendor/laravel/framework/src/Illuminate/Http/Middleware/TrustProxies.php(39): Illuminate\\Pipeline\\Pipeline->Illuminate\\Pipeline\\{closure}()
#46 /home/isidoredev/Documents/doc-important/Tikermas_entretiens/Api_billetterie/code_Billeterie/vendor/laravel/framework/src/Illuminate/Pipeline/Pipeline.php(183): Illuminate\\Http\\Middleware\\TrustProxies->handle()
#47 /home/isidoredev/Documents/doc-important/Tikermas_entretiens/Api_billetterie/code_Billeterie/vendor/laravel/framework/src/Illuminate/Pipeline/Pipeline.php(119): Illuminate\\Pipeline\\Pipeline->Illuminate\\Pipeline\\{closure}()
#48 /home/isidoredev/Documents/doc-important/Tikermas_entretiens/Api_billetterie/code_Billeterie/vendor/laravel/framework/src/Illuminate/Foundation/Http/Kernel.php(175): Illuminate\\Pipeline\\Pipeline->then()
#49 /home/isidoredev/Documents/doc-important/Tikermas_entretiens/Api_billetterie/code_Billeterie/vendor/laravel/framework/src/Illuminate/Foundation/Http/Kernel.php(144): Illuminate\\Foundation\\Http\\Kernel->sendRequestThroughRouter()
#50 /home/isidoredev/Documents/doc-important/Tikermas_entretiens/Api_billetterie/code_Billeterie/public/index.php(51): Illuminate\\Foundation\\Http\\Kernel->handle()
#51 /home/isidoredev/Documents/doc-important/Tikermas_entretiens/Api_billetterie/code_Billeterie/vendor/laravel/framework/src/Illuminate/Foundation/resources/server.php(16): require_once('...')
#52 {main}
"} 
[2024-08-16 06:34:39] local.ERROR: Call to undefined method Illuminate\Database\Eloquent\Builder::query() {"userId":2,"exception":"[object] (BadMethodCallException(code: 0): Call to undefined method Illuminate\\Database\\Eloquent\\Builder::query() at /home/isidoredev/Documents/doc-important/Tikermas_entretiens/Api_billetterie/code_Billeterie/vendor/laravel/framework/src/Illuminate/Support/Traits/ForwardsCalls.php:67)
[stacktrace]
#0 /home/isidoredev/Documents/doc-important/Tikermas_entretiens/Api_billetterie/code_Billeterie/vendor/laravel/framework/src/Illuminate/Support/Traits/ForwardsCalls.php(36): Illuminate\\Database\\Eloquent\\Builder::throwBadMethodCallException()
#1 /home/isidoredev/Documents/doc-important/Tikermas_entretiens/Api_billetterie/code_Billeterie/vendor/laravel/framework/src/Illuminate/Database/Eloquent/Builder.php(1985): Illuminate\\Database\\Eloquent\\Builder->forwardCallTo()
#2 /home/isidoredev/Documents/doc-important/Tikermas_entretiens/Api_billetterie/code_Billeterie/app/Http/Controllers/EventController.php(25): Illuminate\\Database\\Eloquent\\Builder->__call()
#3 /home/isidoredev/Documents/doc-important/Tikermas_entretiens/Api_billetterie/code_Billeterie/vendor/laravel/framework/src/Illuminate/Routing/Controller.php(54): App\\Http\\Controllers\\EventController->index()
#4 /home/isidoredev/Documents/doc-important/Tikermas_entretiens/Api_billetterie/code_Billeterie/vendor/laravel/framework/src/Illuminate/Routing/ControllerDispatcher.php(43): Illuminate\\Routing\\Controller->callAction()
#5 /home/isidoredev/Documents/doc-important/Tikermas_entretiens/Api_billetterie/code_Billeterie/vendor/laravel/framework/src/Illuminate/Routing/Route.php(259): Illuminate\\Routing\\ControllerDispatcher->dispatch()
#6 /home/isidoredev/Documents/doc-important/Tikermas_entretiens/Api_billetterie/code_Billeterie/vendor/laravel/framework/src/Illuminate/Routing/Route.php(205): Illuminate\\Routing\\Route->runController()
#7 /home/isidoredev/Documents/doc-important/Tikermas_entretiens/Api_billetterie/code_Billeterie/vendor/laravel/framework/src/Illuminate/Routing/Router.php(806): Illuminate\\Routing\\Route->run()
#8 /home/isidoredev/Documents/doc-important/Tikermas_entretiens/Api_billetterie/code_Billeterie/vendor/laravel/framework/src/Illuminate/Pipeline/Pipeline.php(144): Illuminate\\Routing\\Router->Illuminate\\Routing\\{closure}()
#9 /home/isidoredev/Documents/doc-important/Tikermas_entretiens/Api_billetterie/code_Billeterie/vendor/spatie/laravel-permission/src/Middleware/PermissionMiddleware.php(39): Illuminate\\Pipeline\\Pipeline->Illuminate\\Pipeline\\{closure}()
#10 /home/isidoredev/Documents/doc-important/Tikermas_entretiens/Api_billetterie/code_Billeterie/vendor/laravel/framework/src/Illuminate/Pipeline/Pipeline.php(183): Spatie\\Permission\\Middleware\\PermissionMiddleware->handle()
#11 /home/isidoredev/Documents/doc-important/Tikermas_entretiens/Api_billetterie/code_Billeterie/vendor/laravel/framework/src/Illuminate/Routing/Middleware/SubstituteBindings.php(50): Illuminate\\Pipeline\\Pipeline->Illuminate\\Pipeline\\{closure}()
#12 /home/isidoredev/Documents/doc-important/Tikermas_entretiens/Api_billetterie/code_Billeterie/vendor/laravel/framework/src/Illuminate/Pipeline/Pipeline.php(183): Illuminate\\Routing\\Middleware\\SubstituteBindings->handle()
#13 /home/isidoredev/Documents/doc-important/Tikermas_entretiens/Api_billetterie/code_Billeterie/vendor/laravel/framework/src/Illuminate/Foundation/Http/Middleware/VerifyCsrfToken.php(78): Illuminate\\Pipeline\\Pipeline->Illuminate\\Pipeline\\{closure}()
#14 /home/isidoredev/Documents/doc-important/Tikermas_entretiens/Api_billetterie/code_Billeterie/vendor/laravel/framework/src/Illuminate/Pipeline/Pipeline.php(183): Illuminate\\Foundation\\Http\\Middleware\\VerifyCsrfToken->handle()
#15 /home/isidoredev/Documents/doc-important/Tikermas_entretiens/Api_billetterie/code_Billeterie/vendor/laravel/framework/src/Illuminate/View/Middleware/ShareErrorsFromSession.php(49): Illuminate\\Pipeline\\Pipeline->Illuminate\\Pipeline\\{closure}()
#16 /home/isidoredev/Documents/doc-important/Tikermas_entretiens/Api_billetterie/code_Billeterie/vendor/laravel/framework/src/Illuminate/Pipeline/Pipeline.php(183): Illuminate\\View\\Middleware\\ShareErrorsFromSession->handle()
#17 /home/isidoredev/Documents/doc-important/Tikermas_entretiens/Api_billetterie/code_Billeterie/vendor/laravel/framework/src/Illuminate/Session/Middleware/StartSession.php(121): Illuminate\\Pipeline\\Pipeline->Illuminate\\Pipeline\\{closure}()
#18 /home/isidoredev/Documents/doc-important/Tikermas_entretiens/Api_billetterie/code_Billeterie/vendor/laravel/framework/src/Illuminate/Session/Middleware/StartSession.php(64): Illuminate\\Session\\Middleware\\StartSession->handleStatefulRequest()
#19 /home/isidoredev/Documents/doc-important/Tikermas_entretiens/Api_billetterie/code_Billeterie/vendor/laravel/framework/src/Illuminate/Pipeline/Pipeline.php(183): Illuminate\\Session\\Middleware\\StartSession->handle()
#20 /home/isidoredev/Documents/doc-important/Tikermas_entretiens/Api_billetterie/code_Billeterie/vendor/laravel/framework/src/Illuminate/Cookie/Middleware/AddQueuedCookiesToResponse.php(37): Illuminate\\Pipeline\\Pipeline->Illuminate\\Pipeline\\{closure}()
#21 /home/isidoredev/Documents/doc-important/Tikermas_entretiens/Api_billetterie/code_Billeterie/vendor/laravel/framework/src/Illuminate/Pipeline/Pipeline.php(183): Illuminate\\Cookie\\Middleware\\AddQueuedCookiesToResponse->handle()
#22 /home/isidoredev/Documents/doc-important/Tikermas_entretiens/Api_billetterie/code_Billeterie/vendor/laravel/framework/src/Illuminate/Cookie/Middleware/EncryptCookies.php(67): Illuminate\\Pipeline\\Pipeline->Illuminate\\Pipeline\\{closure}()
#23 /home/isidoredev/Documents/doc-important/Tikermas_entretiens/Api_billetterie/code_Billeterie/vendor/laravel/framework/src/Illuminate/Pipeline/Pipeline.php(183): Illuminate\\Cookie\\Middleware\\EncryptCookies->handle()
#24 /home/isidoredev/Documents/doc-important/Tikermas_entretiens/Api_billetterie/code_Billeterie/vendor/laravel/framework/src/Illuminate/Pipeline/Pipeline.php(119): Illuminate\\Pipeline\\Pipeline->Illuminate\\Pipeline\\{closure}()
#25 /home/isidoredev/Documents/doc-important/Tikermas_entretiens/Api_billetterie/code_Billeterie/vendor/laravel/framework/src/Illuminate/Routing/Router.php(805): Illuminate\\Pipeline\\Pipeline->then()
#26 /home/isidoredev/Documents/doc-important/Tikermas_entretiens/Api_billetterie/code_Billeterie/vendor/laravel/framework/src/Illuminate/Routing/Router.php(784): Illuminate\\Routing\\Router->runRouteWithinStack()
#27 /home/isidoredev/Documents/doc-important/Tikermas_entretiens/Api_billetterie/code_Billeterie/vendor/laravel/framework/src/Illuminate/Routing/Router.php(748): Illuminate\\Routing\\Router->runRoute()
#28 /home/isidoredev/Documents/doc-important/Tikermas_entretiens/Api_billetterie/code_Billeterie/vendor/laravel/framework/src/Illuminate/Routing/Router.php(737): Illuminate\\Routing\\Router->dispatchToRoute()
#29 /home/isidoredev/Documents/doc-important/Tikermas_entretiens/Api_billetterie/code_Billeterie/vendor/laravel/framework/src/Illuminate/Foundation/Http/Kernel.php(200): Illuminate\\Routing\\Router->dispatch()
#30 /home/isidoredev/Documents/doc-important/Tikermas_entretiens/Api_billetterie/code_Billeterie/vendor/laravel/framework/src/Illuminate/Pipeline/Pipeline.php(144): Illuminate\\Foundation\\Http\\Kernel->Illuminate\\Foundation\\Http\\{closure}()
#31 /home/isidoredev/Documents/doc-important/Tikermas_entretiens/Api_billetterie/code_Billeterie/vendor/livewire/livewire/src/Features/SupportDisablingBackButtonCache/DisableBackButtonCacheMiddleware.php(19): Illuminate\\Pipeline\\Pipeline->Illuminate\\Pipeline\\{closure}()
#32 /home/isidoredev/Documents/doc-important/Tikermas_entretiens/Api_billetterie/code_Billeterie/vendor/laravel/framework/src/Illuminate/Pipeline/Pipeline.php(183): Livewire\\Features\\SupportDisablingBackButtonCache\\DisableBackButtonCacheMiddleware->handle()
#33 /home/isidoredev/Documents/doc-important/Tikermas_entretiens/Api_billetterie/code_Billeterie/vendor/laravel/framework/src/Illuminate/Foundation/Http/Middleware/TransformsRequest.php(21): Illuminate\\Pipeline\\Pipeline->Illuminate\\Pipeline\\{closure}()
#34 /home/isidoredev/Documents/doc-important/Tikermas_entretiens/Api_billetterie/code_Billeterie/vendor/laravel/framework/src/Illuminate/Foundation/Http/Middleware/ConvertEmptyStringsToNull.php(31): Illuminate\\Foundation\\Http\\Middleware\\TransformsRequest->handle()
#35 /home/isidoredev/Documents/doc-important/Tikermas_entretiens/Api_billetterie/code_Billeterie/vendor/laravel/framework/src/Illuminate/Pipeline/Pipeline.php(183): Illuminate\\Foundation\\Http\\Middleware\\ConvertEmptyStringsToNull->handle()
#36 /home/isidoredev/Documents/doc-important/Tikermas_entretiens/Api_billetterie/code_Billeterie/vendor/laravel/framework/src/Illuminate/Foundation/Http/Middleware/TransformsRequest.php(21): Illuminate\\Pipeline\\Pipeline->Illuminate\\Pipeline\\{closure}()
#37 /home/isidoredev/Documents/doc-important/Tikermas_entretiens/Api_billetterie/code_Billeterie/vendor/laravel/framework/src/Illuminate/Foundation/Http/Middleware/TrimStrings.php(40): Illuminate\\Foundation\\Http\\Middleware\\TransformsRequest->handle()
#38 /home/isidoredev/Documents/doc-important/Tikermas_entretiens/Api_billetterie/code_Billeterie/vendor/laravel/framework/src/Illuminate/Pipeline/Pipeline.php(183): Illuminate\\Foundation\\Http\\Middleware\\TrimStrings->handle()
#39 /home/isidoredev/Documents/doc-important/Tikermas_entretiens/Api_billetterie/code_Billeterie/vendor/laravel/framework/src/Illuminate/Foundation/Http/Middleware/ValidatePostSize.php(27): Illuminate\\Pipeline\\Pipeline->Illuminate\\Pipeline\\{closure}()
#40 /home/isidoredev/Documents/doc-important/Tikermas_entretiens/Api_billetterie/code_Billeterie/vendor/laravel/framework/src/Illuminate/Pipeline/Pipeline.php(183): Illuminate\\Foundation\\Http\\Middleware\\ValidatePostSize->handle()
#41 /home/isidoredev/Documents/doc-important/Tikermas_entretiens/Api_billetterie/code_Billeterie/vendor/laravel/framework/src/Illuminate/Foundation/Http/Middleware/PreventRequestsDuringMaintenance.php(99): Illuminate\\Pipeline\\Pipeline->Illuminate\\Pipeline\\{closure}()
#42 /home/isidoredev/Documents/doc-important/Tikermas_entretiens/Api_billetterie/code_Billeterie/vendor/laravel/framework/src/Illuminate/Pipeline/Pipeline.php(183): Illuminate\\Foundation\\Http\\Middleware\\PreventRequestsDuringMaintenance->handle()
#43 /home/isidoredev/Documents/doc-important/Tikermas_entretiens/Api_billetterie/code_Billeterie/vendor/laravel/framework/src/Illuminate/Http/Middleware/HandleCors.php(49): Illuminate\\Pipeline\\Pipeline->Illuminate\\Pipeline\\{closure}()
#44 /home/isidoredev/Documents/doc-important/Tikermas_entretiens/Api_billetterie/code_Billeterie/vendor/laravel/framework/src/Illuminate/Pipeline/Pipeline.php(183): Illuminate\\Http\\Middleware\\HandleCors->handle()
#45 /home/isidoredev/Documents/doc-important/Tikermas_entretiens/Api_billetterie/code_Billeterie/vendor/laravel/framework/src/Illuminate/Http/Middleware/TrustProxies.php(39): Illuminate\\Pipeline\\Pipeline->Illuminate\\Pipeline\\{closure}()
#46 /home/isidoredev/Documents/doc-important/Tikermas_entretiens/Api_billetterie/code_Billeterie/vendor/laravel/framework/src/Illuminate/Pipeline/Pipeline.php(183): Illuminate\\Http\\Middleware\\TrustProxies->handle()
#47 /home/isidoredev/Documents/doc-important/Tikermas_entretiens/Api_billetterie/code_Billeterie/vendor/laravel/framework/src/Illuminate/Pipeline/Pipeline.php(119): Illuminate\\Pipeline\\Pipeline->Illuminate\\Pipeline\\{closure}()
#48 /home/isidoredev/Documents/doc-important/Tikermas_entretiens/Api_billetterie/code_Billeterie/vendor/laravel/framework/src/Illuminate/Foundation/Http/Kernel.php(175): Illuminate\\Pipeline\\Pipeline->then()
#49 /home/isidoredev/Documents/doc-important/Tikermas_entretiens/Api_billetterie/code_Billeterie/vendor/laravel/framework/src/Illuminate/Foundation/Http/Kernel.php(144): Illuminate\\Foundation\\Http\\Kernel->sendRequestThroughRouter()
#50 /home/isidoredev/Documents/doc-important/Tikermas_entretiens/Api_billetterie/code_Billeterie/public/index.php(51): Illuminate\\Foundation\\Http\\Kernel->handle()
#51 /home/isidoredev/Documents/doc-important/Tikermas_entretiens/Api_billetterie/code_Billeterie/vendor/laravel/framework/src/Illuminate/Foundation/resources/server.php(16): require_once('...')
#52 {main}
"} 
[2024-08-16 06:34:58] local.ERROR: Call to undefined method Illuminate\Database\Eloquent\Builder::query() {"userId":2,"exception":"[object] (BadMethodCallException(code: 0): Call to undefined method Illuminate\\Database\\Eloquent\\Builder::query() at /home/isidoredev/Documents/doc-important/Tikermas_entretiens/Api_billetterie/code_Billeterie/vendor/laravel/framework/src/Illuminate/Support/Traits/ForwardsCalls.php:67)
[stacktrace]
#0 /home/isidoredev/Documents/doc-important/Tikermas_entretiens/Api_billetterie/code_Billeterie/vendor/laravel/framework/src/Illuminate/Support/Traits/ForwardsCalls.php(36): Illuminate\\Database\\Eloquent\\Builder::throwBadMethodCallException()
#1 /home/isidoredev/Documents/doc-important/Tikermas_entretiens/Api_billetterie/code_Billeterie/vendor/laravel/framework/src/Illuminate/Database/Eloquent/Builder.php(1985): Illuminate\\Database\\Eloquent\\Builder->forwardCallTo()
#2 /home/isidoredev/Documents/doc-important/Tikermas_entretiens/Api_billetterie/code_Billeterie/app/Http/Controllers/EventController.php(27): Illuminate\\Database\\Eloquent\\Builder->__call()
#3 /home/isidoredev/Documents/doc-important/Tikermas_entretiens/Api_billetterie/code_Billeterie/vendor/laravel/framework/src/Illuminate/Routing/Controller.php(54): App\\Http\\Controllers\\EventController->index()
#4 /home/isidoredev/Documents/doc-important/Tikermas_entretiens/Api_billetterie/code_Billeterie/vendor/laravel/framework/src/Illuminate/Routing/ControllerDispatcher.php(43): Illuminate\\Routing\\Controller->callAction()
#5 /home/isidoredev/Documents/doc-important/Tikermas_entretiens/Api_billetterie/code_Billeterie/vendor/laravel/framework/src/Illuminate/Routing/Route.php(259): Illuminate\\Routing\\ControllerDispatcher->dispatch()
#6 /home/isidoredev/Documents/doc-important/Tikermas_entretiens/Api_billetterie/code_Billeterie/vendor/laravel/framework/src/Illuminate/Routing/Route.php(205): Illuminate\\Routing\\Route->runController()
#7 /home/isidoredev/Documents/doc-important/Tikermas_entretiens/Api_billetterie/code_Billeterie/vendor/laravel/framework/src/Illuminate/Routing/Router.php(806): Illuminate\\Routing\\Route->run()
#8 /home/isidoredev/Documents/doc-important/Tikermas_entretiens/Api_billetterie/code_Billeterie/vendor/laravel/framework/src/Illuminate/Pipeline/Pipeline.php(144): Illuminate\\Routing\\Router->Illuminate\\Routing\\{closure}()
#9 /home/isidoredev/Documents/doc-important/Tikermas_entretiens/Api_billetterie/code_Billeterie/vendor/spatie/laravel-permission/src/Middleware/PermissionMiddleware.php(39): Illuminate\\Pipeline\\Pipeline->Illuminate\\Pipeline\\{closure}()
#10 /home/isidoredev/Documents/doc-important/Tikermas_entretiens/Api_billetterie/code_Billeterie/vendor/laravel/framework/src/Illuminate/Pipeline/Pipeline.php(183): Spatie\\Permission\\Middleware\\PermissionMiddleware->handle()
#11 /home/isidoredev/Documents/doc-important/Tikermas_entretiens/Api_billetterie/code_Billeterie/vendor/laravel/framework/src/Illuminate/Routing/Middleware/SubstituteBindings.php(50): Illuminate\\Pipeline\\Pipeline->Illuminate\\Pipeline\\{closure}()
#12 /home/isidoredev/Documents/doc-important/Tikermas_entretiens/Api_billetterie/code_Billeterie/vendor/laravel/framework/src/Illuminate/Pipeline/Pipeline.php(183): Illuminate\\Routing\\Middleware\\SubstituteBindings->handle()
#13 /home/isidoredev/Documents/doc-important/Tikermas_entretiens/Api_billetterie/code_Billeterie/vendor/laravel/framework/src/Illuminate/Foundation/Http/Middleware/VerifyCsrfToken.php(78): Illuminate\\Pipeline\\Pipeline->Illuminate\\Pipeline\\{closure}()
#14 /home/isidoredev/Documents/doc-important/Tikermas_entretiens/Api_billetterie/code_Billeterie/vendor/laravel/framework/src/Illuminate/Pipeline/Pipeline.php(183): Illuminate\\Foundation\\Http\\Middleware\\VerifyCsrfToken->handle()
#15 /home/isidoredev/Documents/doc-important/Tikermas_entretiens/Api_billetterie/code_Billeterie/vendor/laravel/framework/src/Illuminate/View/Middleware/ShareErrorsFromSession.php(49): Illuminate\\Pipeline\\Pipeline->Illuminate\\Pipeline\\{closure}()
#16 /home/isidoredev/Documents/doc-important/Tikermas_entretiens/Api_billetterie/code_Billeterie/vendor/laravel/framework/src/Illuminate/Pipeline/Pipeline.php(183): Illuminate\\View\\Middleware\\ShareErrorsFromSession->handle()
#17 /home/isidoredev/Documents/doc-important/Tikermas_entretiens/Api_billetterie/code_Billeterie/vendor/laravel/framework/src/Illuminate/Session/Middleware/StartSession.php(121): Illuminate\\Pipeline\\Pipeline->Illuminate\\Pipeline\\{closure}()
#18 /home/isidoredev/Documents/doc-important/Tikermas_entretiens/Api_billetterie/code_Billeterie/vendor/laravel/framework/src/Illuminate/Session/Middleware/StartSession.php(64): Illuminate\\Session\\Middleware\\StartSession->handleStatefulRequest()
#19 /home/isidoredev/Documents/doc-important/Tikermas_entretiens/Api_billetterie/code_Billeterie/vendor/laravel/framework/src/Illuminate/Pipeline/Pipeline.php(183): Illuminate\\Session\\Middleware\\StartSession->handle()
#20 /home/isidoredev/Documents/doc-important/Tikermas_entretiens/Api_billetterie/code_Billeterie/vendor/laravel/framework/src/Illuminate/Cookie/Middleware/AddQueuedCookiesToResponse.php(37): Illuminate\\Pipeline\\Pipeline->Illuminate\\Pipeline\\{closure}()
#21 /home/isidoredev/Documents/doc-important/Tikermas_entretiens/Api_billetterie/code_Billeterie/vendor/laravel/framework/src/Illuminate/Pipeline/Pipeline.php(183): Illuminate\\Cookie\\Middleware\\AddQueuedCookiesToResponse->handle()
#22 /home/isidoredev/Documents/doc-important/Tikermas_entretiens/Api_billetterie/code_Billeterie/vendor/laravel/framework/src/Illuminate/Cookie/Middleware/EncryptCookies.php(67): Illuminate\\Pipeline\\Pipeline->Illuminate\\Pipeline\\{closure}()
#23 /home/isidoredev/Documents/doc-important/Tikermas_entretiens/Api_billetterie/code_Billeterie/vendor/laravel/framework/src/Illuminate/Pipeline/Pipeline.php(183): Illuminate\\Cookie\\Middleware\\EncryptCookies->handle()
#24 /home/isidoredev/Documents/doc-important/Tikermas_entretiens/Api_billetterie/code_Billeterie/vendor/laravel/framework/src/Illuminate/Pipeline/Pipeline.php(119): Illuminate\\Pipeline\\Pipeline->Illuminate\\Pipeline\\{closure}()
#25 /home/isidoredev/Documents/doc-important/Tikermas_entretiens/Api_billetterie/code_Billeterie/vendor/laravel/framework/src/Illuminate/Routing/Router.php(805): Illuminate\\Pipeline\\Pipeline->then()
#26 /home/isidoredev/Documents/doc-important/Tikermas_entretiens/Api_billetterie/code_Billeterie/vendor/laravel/framework/src/Illuminate/Routing/Router.php(784): Illuminate\\Routing\\Router->runRouteWithinStack()
#27 /home/isidoredev/Documents/doc-important/Tikermas_entretiens/Api_billetterie/code_Billeterie/vendor/laravel/framework/src/Illuminate/Routing/Router.php(748): Illuminate\\Routing\\Router->runRoute()
#28 /home/isidoredev/Documents/doc-important/Tikermas_entretiens/Api_billetterie/code_Billeterie/vendor/laravel/framework/src/Illuminate/Routing/Router.php(737): Illuminate\\Routing\\Router->dispatchToRoute()
#29 /home/isidoredev/Documents/doc-important/Tikermas_entretiens/Api_billetterie/code_Billeterie/vendor/laravel/framework/src/Illuminate/Foundation/Http/Kernel.php(200): Illuminate\\Routing\\Router->dispatch()
#30 /home/isidoredev/Documents/doc-important/Tikermas_entretiens/Api_billetterie/code_Billeterie/vendor/laravel/framework/src/Illuminate/Pipeline/Pipeline.php(144): Illuminate\\Foundation\\Http\\Kernel->Illuminate\\Foundation\\Http\\{closure}()
#31 /home/isidoredev/Documents/doc-important/Tikermas_entretiens/Api_billetterie/code_Billeterie/vendor/livewire/livewire/src/Features/SupportDisablingBackButtonCache/DisableBackButtonCacheMiddleware.php(19): Illuminate\\Pipeline\\Pipeline->Illuminate\\Pipeline\\{closure}()
#32 /home/isidoredev/Documents/doc-important/Tikermas_entretiens/Api_billetterie/code_Billeterie/vendor/laravel/framework/src/Illuminate/Pipeline/Pipeline.php(183): Livewire\\Features\\SupportDisablingBackButtonCache\\DisableBackButtonCacheMiddleware->handle()
#33 /home/isidoredev/Documents/doc-important/Tikermas_entretiens/Api_billetterie/code_Billeterie/vendor/laravel/framework/src/Illuminate/Foundation/Http/Middleware/TransformsRequest.php(21): Illuminate\\Pipeline\\Pipeline->Illuminate\\Pipeline\\{closure}()
#34 /home/isidoredev/Documents/doc-important/Tikermas_entretiens/Api_billetterie/code_Billeterie/vendor/laravel/framework/src/Illuminate/Foundation/Http/Middleware/ConvertEmptyStringsToNull.php(31): Illuminate\\Foundation\\Http\\Middleware\\TransformsRequest->handle()
#35 /home/isidoredev/Documents/doc-important/Tikermas_entretiens/Api_billetterie/code_Billeterie/vendor/laravel/framework/src/Illuminate/Pipeline/Pipeline.php(183): Illuminate\\Foundation\\Http\\Middleware\\ConvertEmptyStringsToNull->handle()
#36 /home/isidoredev/Documents/doc-important/Tikermas_entretiens/Api_billetterie/code_Billeterie/vendor/laravel/framework/src/Illuminate/Foundation/Http/Middleware/TransformsRequest.php(21): Illuminate\\Pipeline\\Pipeline->Illuminate\\Pipeline\\{closure}()
#37 /home/isidoredev/Documents/doc-important/Tikermas_entretiens/Api_billetterie/code_Billeterie/vendor/laravel/framework/src/Illuminate/Foundation/Http/Middleware/TrimStrings.php(40): Illuminate\\Foundation\\Http\\Middleware\\TransformsRequest->handle()
#38 /home/isidoredev/Documents/doc-important/Tikermas_entretiens/Api_billetterie/code_Billeterie/vendor/laravel/framework/src/Illuminate/Pipeline/Pipeline.php(183): Illuminate\\Foundation\\Http\\Middleware\\TrimStrings->handle()
#39 /home/isidoredev/Documents/doc-important/Tikermas_entretiens/Api_billetterie/code_Billeterie/vendor/laravel/framework/src/Illuminate/Foundation/Http/Middleware/ValidatePostSize.php(27): Illuminate\\Pipeline\\Pipeline->Illuminate\\Pipeline\\{closure}()
#40 /home/isidoredev/Documents/doc-important/Tikermas_entretiens/Api_billetterie/code_Billeterie/vendor/laravel/framework/src/Illuminate/Pipeline/Pipeline.php(183): Illuminate\\Foundation\\Http\\Middleware\\ValidatePostSize->handle()
#41 /home/isidoredev/Documents/doc-important/Tikermas_entretiens/Api_billetterie/code_Billeterie/vendor/laravel/framework/src/Illuminate/Foundation/Http/Middleware/PreventRequestsDuringMaintenance.php(99): Illuminate\\Pipeline\\Pipeline->Illuminate\\Pipeline\\{closure}()
#42 /home/isidoredev/Documents/doc-important/Tikermas_entretiens/Api_billetterie/code_Billeterie/vendor/laravel/framework/src/Illuminate/Pipeline/Pipeline.php(183): Illuminate\\Foundation\\Http\\Middleware\\PreventRequestsDuringMaintenance->handle()
#43 /home/isidoredev/Documents/doc-important/Tikermas_entretiens/Api_billetterie/code_Billeterie/vendor/laravel/framework/src/Illuminate/Http/Middleware/HandleCors.php(49): Illuminate\\Pipeline\\Pipeline->Illuminate\\Pipeline\\{closure}()
#44 /home/isidoredev/Documents/doc-important/Tikermas_entretiens/Api_billetterie/code_Billeterie/vendor/laravel/framework/src/Illuminate/Pipeline/Pipeline.php(183): Illuminate\\Http\\Middleware\\HandleCors->handle()
#45 /home/isidoredev/Documents/doc-important/Tikermas_entretiens/Api_billetterie/code_Billeterie/vendor/laravel/framework/src/Illuminate/Http/Middleware/TrustProxies.php(39): Illuminate\\Pipeline\\Pipeline->Illuminate\\Pipeline\\{closure}()
#46 /home/isidoredev/Documents/doc-important/Tikermas_entretiens/Api_billetterie/code_Billeterie/vendor/laravel/framework/src/Illuminate/Pipeline/Pipeline.php(183): Illuminate\\Http\\Middleware\\TrustProxies->handle()
#47 /home/isidoredev/Documents/doc-important/Tikermas_entretiens/Api_billetterie/code_Billeterie/vendor/laravel/framework/src/Illuminate/Pipeline/Pipeline.php(119): Illuminate\\Pipeline\\Pipeline->Illuminate\\Pipeline\\{closure}()
#48 /home/isidoredev/Documents/doc-important/Tikermas_entretiens/Api_billetterie/code_Billeterie/vendor/laravel/framework/src/Illuminate/Foundation/Http/Kernel.php(175): Illuminate\\Pipeline\\Pipeline->then()
#49 /home/isidoredev/Documents/doc-important/Tikermas_entretiens/Api_billetterie/code_Billeterie/vendor/laravel/framework/src/Illuminate/Foundation/Http/Kernel.php(144): Illuminate\\Foundation\\Http\\Kernel->sendRequestThroughRouter()
#50 /home/isidoredev/Documents/doc-important/Tikermas_entretiens/Api_billetterie/code_Billeterie/public/index.php(51): Illuminate\\Foundation\\Http\\Kernel->handle()
#51 /home/isidoredev/Documents/doc-important/Tikermas_entretiens/Api_billetterie/code_Billeterie/vendor/laravel/framework/src/Illuminate/Foundation/resources/server.php(16): require_once('...')
#52 {main}
"} 
[2024-08-16 06:48:52] local.INFO: filter_evenements called with parameters  
[2024-08-16 06:48:52] local.INFO: Events retrieved successfully {"count":1} 
[2024-08-16 06:54:36] local.INFO: filter_evenements called with parameters  
[2024-08-16 06:54:36] local.INFO: Events retrieved successfully {"count":1} 
[2024-08-16 07:07:45] local.ERROR: Undefined array key "type" {"view":{"view":"/home/isidoredev/Documents/doc-important/Tikermas_entretiens/Api_billetterie/code_Billeterie/resources/views/Aceuil/infos_payment.blade.php","data":[]},"userId":2,"exception":"[object] (Spatie\\LaravelIgnition\\Exceptions\\ViewException(code: 0): Undefined array key \"type\" at /home/isidoredev/Documents/doc-important/Tikermas_entretiens/Api_billetterie/code_Billeterie/resources/views/Aceuil/infos_payment.blade.php:8)
[stacktrace]
#0 /home/isidoredev/Documents/doc-important/Tikermas_entretiens/Api_billetterie/code_Billeterie/vendor/laravel/framework/src/Illuminate/Filesystem/Filesystem.php(123): require('...')
#1 /home/isidoredev/Documents/doc-important/Tikermas_entretiens/Api_billetterie/code_Billeterie/vendor/laravel/framework/src/Illuminate/Filesystem/Filesystem.php(124): Illuminate\\Filesystem\\Filesystem::Illuminate\\Filesystem\\{closure}()
#2 /home/isidoredev/Documents/doc-important/Tikermas_entretiens/Api_billetterie/code_Billeterie/vendor/laravel/framework/src/Illuminate/View/Engines/PhpEngine.php(58): Illuminate\\Filesystem\\Filesystem->getRequire()
#3 /home/isidoredev/Documents/doc-important/Tikermas_entretiens/Api_billetterie/code_Billeterie/vendor/livewire/livewire/src/Mechanisms/ExtendBlade/ExtendedCompilerEngine.php(22): Illuminate\\View\\Engines\\PhpEngine->evaluatePath()
#4 /home/isidoredev/Documents/doc-important/Tikermas_entretiens/Api_billetterie/code_Billeterie/vendor/laravel/framework/src/Illuminate/View/Engines/CompilerEngine.php(72): Livewire\\Mechanisms\\ExtendBlade\\ExtendedCompilerEngine->evaluatePath()
#5 /home/isidoredev/Documents/doc-important/Tikermas_entretiens/Api_billetterie/code_Billeterie/vendor/livewire/livewire/src/Mechanisms/ExtendBlade/ExtendedCompilerEngine.php(10): Illuminate\\View\\Engines\\CompilerEngine->get()
#6 /home/isidoredev/Documents/doc-important/Tikermas_entretiens/Api_billetterie/code_Billeterie/vendor/laravel/framework/src/Illuminate/View/View.php(207): Livewire\\Mechanisms\\ExtendBlade\\ExtendedCompilerEngine->get()
#7 /home/isidoredev/Documents/doc-important/Tikermas_entretiens/Api_billetterie/code_Billeterie/vendor/laravel/framework/src/Illuminate/View/View.php(190): Illuminate\\View\\View->getContents()
#8 /home/isidoredev/Documents/doc-important/Tikermas_entretiens/Api_billetterie/code_Billeterie/vendor/laravel/framework/src/Illuminate/View/View.php(159): Illuminate\\View\\View->renderContents()
#9 /home/isidoredev/Documents/doc-important/Tikermas_entretiens/Api_billetterie/code_Billeterie/vendor/laravel/framework/src/Illuminate/Http/Response.php(69): Illuminate\\View\\View->render()
#10 /home/isidoredev/Documents/doc-important/Tikermas_entretiens/Api_billetterie/code_Billeterie/vendor/laravel/framework/src/Illuminate/Http/Response.php(35): Illuminate\\Http\\Response->setContent()
#11 /home/isidoredev/Documents/doc-important/Tikermas_entretiens/Api_billetterie/code_Billeterie/vendor/laravel/framework/src/Illuminate/Routing/Router.php(918): Illuminate\\Http\\Response->__construct()
#12 /home/isidoredev/Documents/doc-important/Tikermas_entretiens/Api_billetterie/code_Billeterie/vendor/laravel/framework/src/Illuminate/Routing/Router.php(885): Illuminate\\Routing\\Router::toResponse()
#13 /home/isidoredev/Documents/doc-important/Tikermas_entretiens/Api_billetterie/code_Billeterie/vendor/laravel/framework/src/Illuminate/Routing/Router.php(805): Illuminate\\Routing\\Router->prepareResponse()
#14 /home/isidoredev/Documents/doc-important/Tikermas_entretiens/Api_billetterie/code_Billeterie/vendor/laravel/framework/src/Illuminate/Pipeline/Pipeline.php(144): Illuminate\\Routing\\Router->Illuminate\\Routing\\{closure}()
#15 /home/isidoredev/Documents/doc-important/Tikermas_entretiens/Api_billetterie/code_Billeterie/vendor/spatie/laravel-permission/src/Middleware/PermissionMiddleware.php(39): Illuminate\\Pipeline\\Pipeline->Illuminate\\Pipeline\\{closure}()
#16 /home/isidoredev/Documents/doc-important/Tikermas_entretiens/Api_billetterie/code_Billeterie/vendor/laravel/framework/src/Illuminate/Pipeline/Pipeline.php(183): Spatie\\Permission\\Middleware\\PermissionMiddleware->handle()
#17 /home/isidoredev/Documents/doc-important/Tikermas_entretiens/Api_billetterie/code_Billeterie/vendor/laravel/framework/src/Illuminate/Routing/Middleware/SubstituteBindings.php(50): Illuminate\\Pipeline\\Pipeline->Illuminate\\Pipeline\\{closure}()
#18 /home/isidoredev/Documents/doc-important/Tikermas_entretiens/Api_billetterie/code_Billeterie/vendor/laravel/framework/src/Illuminate/Pipeline/Pipeline.php(183): Illuminate\\Routing\\Middleware\\SubstituteBindings->handle()
#19 /home/isidoredev/Documents/doc-important/Tikermas_entretiens/Api_billetterie/code_Billeterie/vendor/laravel/framework/src/Illuminate/Auth/Middleware/Authenticate.php(57): Illuminate\\Pipeline\\Pipeline->Illuminate\\Pipeline\\{closure}()
#20 /home/isidoredev/Documents/doc-important/Tikermas_entretiens/Api_billetterie/code_Billeterie/vendor/laravel/framework/src/Illuminate/Pipeline/Pipeline.php(183): Illuminate\\Auth\\Middleware\\Authenticate->handle()
#21 /home/isidoredev/Documents/doc-important/Tikermas_entretiens/Api_billetterie/code_Billeterie/vendor/laravel/framework/src/Illuminate/Foundation/Http/Middleware/VerifyCsrfToken.php(78): Illuminate\\Pipeline\\Pipeline->Illuminate\\Pipeline\\{closure}()
#22 /home/isidoredev/Documents/doc-important/Tikermas_entretiens/Api_billetterie/code_Billeterie/vendor/laravel/framework/src/Illuminate/Pipeline/Pipeline.php(183): Illuminate\\Foundation\\Http\\Middleware\\VerifyCsrfToken->handle()
#23 /home/isidoredev/Documents/doc-important/Tikermas_entretiens/Api_billetterie/code_Billeterie/vendor/laravel/framework/src/Illuminate/View/Middleware/ShareErrorsFromSession.php(49): Illuminate\\Pipeline\\Pipeline->Illuminate\\Pipeline\\{closure}()
#24 /home/isidoredev/Documents/doc-important/Tikermas_entretiens/Api_billetterie/code_Billeterie/vendor/laravel/framework/src/Illuminate/Pipeline/Pipeline.php(183): Illuminate\\View\\Middleware\\ShareErrorsFromSession->handle()
#25 /home/isidoredev/Documents/doc-important/Tikermas_entretiens/Api_billetterie/code_Billeterie/vendor/laravel/framework/src/Illuminate/Session/Middleware/StartSession.php(121): Illuminate\\Pipeline\\Pipeline->Illuminate\\Pipeline\\{closure}()
#26 /home/isidoredev/Documents/doc-important/Tikermas_entretiens/Api_billetterie/code_Billeterie/vendor/laravel/framework/src/Illuminate/Session/Middleware/StartSession.php(64): Illuminate\\Session\\Middleware\\StartSession->handleStatefulRequest()
#27 /home/isidoredev/Documents/doc-important/Tikermas_entretiens/Api_billetterie/code_Billeterie/vendor/laravel/framework/src/Illuminate/Pipeline/Pipeline.php(183): Illuminate\\Session\\Middleware\\StartSession->handle()
#28 /home/isidoredev/Documents/doc-important/Tikermas_entretiens/Api_billetterie/code_Billeterie/vendor/laravel/framework/src/Illuminate/Cookie/Middleware/AddQueuedCookiesToResponse.php(37): Illuminate\\Pipeline\\Pipeline->Illuminate\\Pipeline\\{closure}()
#29 /home/isidoredev/Documents/doc-important/Tikermas_entretiens/Api_billetterie/code_Billeterie/vendor/laravel/framework/src/Illuminate/Pipeline/Pipeline.php(183): Illuminate\\Cookie\\Middleware\\AddQueuedCookiesToResponse->handle()
#30 /home/isidoredev/Documents/doc-important/Tikermas_entretiens/Api_billetterie/code_Billeterie/vendor/laravel/framework/src/Illuminate/Cookie/Middleware/EncryptCookies.php(67): Illuminate\\Pipeline\\Pipeline->Illuminate\\Pipeline\\{closure}()
#31 /home/isidoredev/Documents/doc-important/Tikermas_entretiens/Api_billetterie/code_Billeterie/vendor/laravel/framework/src/Illuminate/Pipeline/Pipeline.php(183): Illuminate\\Cookie\\Middleware\\EncryptCookies->handle()
#32 /home/isidoredev/Documents/doc-important/Tikermas_entretiens/Api_billetterie/code_Billeterie/vendor/laravel/framework/src/Illuminate/Pipeline/Pipeline.php(119): Illuminate\\Pipeline\\Pipeline->Illuminate\\Pipeline\\{closure}()
#33 /home/isidoredev/Documents/doc-important/Tikermas_entretiens/Api_billetterie/code_Billeterie/vendor/laravel/framework/src/Illuminate/Routing/Router.php(805): Illuminate\\Pipeline\\Pipeline->then()
#34 /home/isidoredev/Documents/doc-important/Tikermas_entretiens/Api_billetterie/code_Billeterie/vendor/laravel/framework/src/Illuminate/Routing/Router.php(784): Illuminate\\Routing\\Router->runRouteWithinStack()
#35 /home/isidoredev/Documents/doc-important/Tikermas_entretiens/Api_billetterie/code_Billeterie/vendor/laravel/framework/src/Illuminate/Routing/Router.php(748): Illuminate\\Routing\\Router->runRoute()
#36 /home/isidoredev/Documents/doc-important/Tikermas_entretiens/Api_billetterie/code_Billeterie/vendor/laravel/framework/src/Illuminate/Routing/Router.php(737): Illuminate\\Routing\\Router->dispatchToRoute()
#37 /home/isidoredev/Documents/doc-important/Tikermas_entretiens/Api_billetterie/code_Billeterie/vendor/laravel/framework/src/Illuminate/Foundation/Http/Kernel.php(200): Illuminate\\Routing\\Router->dispatch()
#38 /home/isidoredev/Documents/doc-important/Tikermas_entretiens/Api_billetterie/code_Billeterie/vendor/laravel/framework/src/Illuminate/Pipeline/Pipeline.php(144): Illuminate\\Foundation\\Http\\Kernel->Illuminate\\Foundation\\Http\\{closure}()
#39 /home/isidoredev/Documents/doc-important/Tikermas_entretiens/Api_billetterie/code_Billeterie/vendor/livewire/livewire/src/Features/SupportDisablingBackButtonCache/DisableBackButtonCacheMiddleware.php(19): Illuminate\\Pipeline\\Pipeline->Illuminate\\Pipeline\\{closure}()
#40 /home/isidoredev/Documents/doc-important/Tikermas_entretiens/Api_billetterie/code_Billeterie/vendor/laravel/framework/src/Illuminate/Pipeline/Pipeline.php(183): Livewire\\Features\\SupportDisablingBackButtonCache\\DisableBackButtonCacheMiddleware->handle()
#41 /home/isidoredev/Documents/doc-important/Tikermas_entretiens/Api_billetterie/code_Billeterie/vendor/laravel/framework/src/Illuminate/Foundation/Http/Middleware/TransformsRequest.php(21): Illuminate\\Pipeline\\Pipeline->Illuminate\\Pipeline\\{closure}()
#42 /home/isidoredev/Documents/doc-important/Tikermas_entretiens/Api_billetterie/code_Billeterie/vendor/laravel/framework/src/Illuminate/Foundation/Http/Middleware/ConvertEmptyStringsToNull.php(31): Illuminate\\Foundation\\Http\\Middleware\\TransformsRequest->handle()
#43 /home/isidoredev/Documents/doc-important/Tikermas_entretiens/Api_billetterie/code_Billeterie/vendor/laravel/framework/src/Illuminate/Pipeline/Pipeline.php(183): Illuminate\\Foundation\\Http\\Middleware\\ConvertEmptyStringsToNull->handle()
#44 /home/isidoredev/Documents/doc-important/Tikermas_entretiens/Api_billetterie/code_Billeterie/vendor/laravel/framework/src/Illuminate/Foundation/Http/Middleware/TransformsRequest.php(21): Illuminate\\Pipeline\\Pipeline->Illuminate\\Pipeline\\{closure}()
#45 /home/isidoredev/Documents/doc-important/Tikermas_entretiens/Api_billetterie/code_Billeterie/vendor/laravel/framework/src/Illuminate/Foundation/Http/Middleware/TrimStrings.php(40): Illuminate\\Foundation\\Http\\Middleware\\TransformsRequest->handle()
#46 /home/isidoredev/Documents/doc-important/Tikermas_entretiens/Api_billetterie/code_Billeterie/vendor/laravel/framework/src/Illuminate/Pipeline/Pipeline.php(183): Illuminate\\Foundation\\Http\\Middleware\\TrimStrings->handle()
#47 /home/isidoredev/Documents/doc-important/Tikermas_entretiens/Api_billetterie/code_Billeterie/vendor/laravel/framework/src/Illuminate/Foundation/Http/Middleware/ValidatePostSize.php(27): Illuminate\\Pipeline\\Pipeline->Illuminate\\Pipeline\\{closure}()
#48 /home/isidoredev/Documents/doc-important/Tikermas_entretiens/Api_billetterie/code_Billeterie/vendor/laravel/framework/src/Illuminate/Pipeline/Pipeline.php(183): Illuminate\\Foundation\\Http\\Middleware\\ValidatePostSize->handle()
#49 /home/isidoredev/Documents/doc-important/Tikermas_entretiens/Api_billetterie/code_Billeterie/vendor/laravel/framework/src/Illuminate/Foundation/Http/Middleware/PreventRequestsDuringMaintenance.php(99): Illuminate\\Pipeline\\Pipeline->Illuminate\\Pipeline\\{closure}()
#50 /home/isidoredev/Documents/doc-important/Tikermas_entretiens/Api_billetterie/code_Billeterie/vendor/laravel/framework/src/Illuminate/Pipeline/Pipeline.php(183): Illuminate\\Foundation\\Http\\Middleware\\PreventRequestsDuringMaintenance->handle()
#51 /home/isidoredev/Documents/doc-important/Tikermas_entretiens/Api_billetterie/code_Billeterie/vendor/laravel/framework/src/Illuminate/Http/Middleware/HandleCors.php(49): Illuminate\\Pipeline\\Pipeline->Illuminate\\Pipeline\\{closure}()
#52 /home/isidoredev/Documents/doc-important/Tikermas_entretiens/Api_billetterie/code_Billeterie/vendor/laravel/framework/src/Illuminate/Pipeline/Pipeline.php(183): Illuminate\\Http\\Middleware\\HandleCors->handle()
#53 /home/isidoredev/Documents/doc-important/Tikermas_entretiens/Api_billetterie/code_Billeterie/vendor/laravel/framework/src/Illuminate/Http/Middleware/TrustProxies.php(39): Illuminate\\Pipeline\\Pipeline->Illuminate\\Pipeline\\{closure}()
#54 /home/isidoredev/Documents/doc-important/Tikermas_entretiens/Api_billetterie/code_Billeterie/vendor/laravel/framework/src/Illuminate/Pipeline/Pipeline.php(183): Illuminate\\Http\\Middleware\\TrustProxies->handle()
#55 /home/isidoredev/Documents/doc-important/Tikermas_entretiens/Api_billetterie/code_Billeterie/vendor/laravel/framework/src/Illuminate/Pipeline/Pipeline.php(119): Illuminate\\Pipeline\\Pipeline->Illuminate\\Pipeline\\{closure}()
#56 /home/isidoredev/Documents/doc-important/Tikermas_entretiens/Api_billetterie/code_Billeterie/vendor/laravel/framework/src/Illuminate/Foundation/Http/Kernel.php(175): Illuminate\\Pipeline\\Pipeline->then()
#57 /home/isidoredev/Documents/doc-important/Tikermas_entretiens/Api_billetterie/code_Billeterie/vendor/laravel/framework/src/Illuminate/Foundation/Http/Kernel.php(144): Illuminate\\Foundation\\Http\\Kernel->sendRequestThroughRouter()
#58 /home/isidoredev/Documents/doc-important/Tikermas_entretiens/Api_billetterie/code_Billeterie/public/index.php(51): Illuminate\\Foundation\\Http\\Kernel->handle()
#59 /home/isidoredev/Documents/doc-important/Tikermas_entretiens/Api_billetterie/code_Billeterie/vendor/laravel/framework/src/Illuminate/Foundation/resources/server.php(16): require_once('...')
#60 {main}

[previous exception] [object] (ErrorException(code: 0): Undefined array key \"type\" at /home/isidoredev/Documents/doc-important/Tikermas_entretiens/Api_billetterie/code_Billeterie/storage/framework/views/d5c6f1755ac6b3f28a921dc28b8a069c.php:6)
[stacktrace]
#0 /home/isidoredev/Documents/doc-important/Tikermas_entretiens/Api_billetterie/code_Billeterie/vendor/laravel/framework/src/Illuminate/Foundation/Bootstrap/HandleExceptions.php(255): Illuminate\\Foundation\\Bootstrap\\HandleExceptions->handleError()
#1 /home/isidoredev/Documents/doc-important/Tikermas_entretiens/Api_billetterie/code_Billeterie/storage/framework/views/d5c6f1755ac6b3f28a921dc28b8a069c.php(6): Illuminate\\Foundation\\Bootstrap\\HandleExceptions->Illuminate\\Foundation\\Bootstrap\\{closure}()
#2 /home/isidoredev/Documents/doc-important/Tikermas_entretiens/Api_billetterie/code_Billeterie/vendor/laravel/framework/src/Illuminate/Filesystem/Filesystem.php(123): require('...')
#3 /home/isidoredev/Documents/doc-important/Tikermas_entretiens/Api_billetterie/code_Billeterie/vendor/laravel/framework/src/Illuminate/Filesystem/Filesystem.php(124): Illuminate\\Filesystem\\Filesystem::Illuminate\\Filesystem\\{closure}()
#4 /home/isidoredev/Documents/doc-important/Tikermas_entretiens/Api_billetterie/code_Billeterie/vendor/laravel/framework/src/Illuminate/View/Engines/PhpEngine.php(58): Illuminate\\Filesystem\\Filesystem->getRequire()
#5 /home/isidoredev/Documents/doc-important/Tikermas_entretiens/Api_billetterie/code_Billeterie/vendor/livewire/livewire/src/Mechanisms/ExtendBlade/ExtendedCompilerEngine.php(22): Illuminate\\View\\Engines\\PhpEngine->evaluatePath()
#6 /home/isidoredev/Documents/doc-important/Tikermas_entretiens/Api_billetterie/code_Billeterie/vendor/laravel/framework/src/Illuminate/View/Engines/CompilerEngine.php(72): Livewire\\Mechanisms\\ExtendBlade\\ExtendedCompilerEngine->evaluatePath()
#7 /home/isidoredev/Documents/doc-important/Tikermas_entretiens/Api_billetterie/code_Billeterie/vendor/livewire/livewire/src/Mechanisms/ExtendBlade/ExtendedCompilerEngine.php(10): Illuminate\\View\\Engines\\CompilerEngine->get()
#8 /home/isidoredev/Documents/doc-important/Tikermas_entretiens/Api_billetterie/code_Billeterie/vendor/laravel/framework/src/Illuminate/View/View.php(207): Livewire\\Mechanisms\\ExtendBlade\\ExtendedCompilerEngine->get()
#9 /home/isidoredev/Documents/doc-important/Tikermas_entretiens/Api_billetterie/code_Billeterie/vendor/laravel/framework/src/Illuminate/View/View.php(190): Illuminate\\View\\View->getContents()
#10 /home/isidoredev/Documents/doc-important/Tikermas_entretiens/Api_billetterie/code_Billeterie/vendor/laravel/framework/src/Illuminate/View/View.php(159): Illuminate\\View\\View->renderContents()
#11 /home/isidoredev/Documents/doc-important/Tikermas_entretiens/Api_billetterie/code_Billeterie/vendor/laravel/framework/src/Illuminate/Http/Response.php(69): Illuminate\\View\\View->render()
#12 /home/isidoredev/Documents/doc-important/Tikermas_entretiens/Api_billetterie/code_Billeterie/vendor/laravel/framework/src/Illuminate/Http/Response.php(35): Illuminate\\Http\\Response->setContent()
#13 /home/isidoredev/Documents/doc-important/Tikermas_entretiens/Api_billetterie/code_Billeterie/vendor/laravel/framework/src/Illuminate/Routing/Router.php(918): Illuminate\\Http\\Response->__construct()
#14 /home/isidoredev/Documents/doc-important/Tikermas_entretiens/Api_billetterie/code_Billeterie/vendor/laravel/framework/src/Illuminate/Routing/Router.php(885): Illuminate\\Routing\\Router::toResponse()
#15 /home/isidoredev/Documents/doc-important/Tikermas_entretiens/Api_billetterie/code_Billeterie/vendor/laravel/framework/src/Illuminate/Routing/Router.php(805): Illuminate\\Routing\\Router->prepareResponse()
#16 /home/isidoredev/Documents/doc-important/Tikermas_entretiens/Api_billetterie/code_Billeterie/vendor/laravel/framework/src/Illuminate/Pipeline/Pipeline.php(144): Illuminate\\Routing\\Router->Illuminate\\Routing\\{closure}()
#17 /home/isidoredev/Documents/doc-important/Tikermas_entretiens/Api_billetterie/code_Billeterie/vendor/spatie/laravel-permission/src/Middleware/PermissionMiddleware.php(39): Illuminate\\Pipeline\\Pipeline->Illuminate\\Pipeline\\{closure}()
#18 /home/isidoredev/Documents/doc-important/Tikermas_entretiens/Api_billetterie/code_Billeterie/vendor/laravel/framework/src/Illuminate/Pipeline/Pipeline.php(183): Spatie\\Permission\\Middleware\\PermissionMiddleware->handle()
#19 /home/isidoredev/Documents/doc-important/Tikermas_entretiens/Api_billetterie/code_Billeterie/vendor/laravel/framework/src/Illuminate/Routing/Middleware/SubstituteBindings.php(50): Illuminate\\Pipeline\\Pipeline->Illuminate\\Pipeline\\{closure}()
#20 /home/isidoredev/Documents/doc-important/Tikermas_entretiens/Api_billetterie/code_Billeterie/vendor/laravel/framework/src/Illuminate/Pipeline/Pipeline.php(183): Illuminate\\Routing\\Middleware\\SubstituteBindings->handle()
#21 /home/isidoredev/Documents/doc-important/Tikermas_entretiens/Api_billetterie/code_Billeterie/vendor/laravel/framework/src/Illuminate/Auth/Middleware/Authenticate.php(57): Illuminate\\Pipeline\\Pipeline->Illuminate\\Pipeline\\{closure}()
#22 /home/isidoredev/Documents/doc-important/Tikermas_entretiens/Api_billetterie/code_Billeterie/vendor/laravel/framework/src/Illuminate/Pipeline/Pipeline.php(183): Illuminate\\Auth\\Middleware\\Authenticate->handle()
#23 /home/isidoredev/Documents/doc-important/Tikermas_entretiens/Api_billetterie/code_Billeterie/vendor/laravel/framework/src/Illuminate/Foundation/Http/Middleware/VerifyCsrfToken.php(78): Illuminate\\Pipeline\\Pipeline->Illuminate\\Pipeline\\{closure}()
#24 /home/isidoredev/Documents/doc-important/Tikermas_entretiens/Api_billetterie/code_Billeterie/vendor/laravel/framework/src/Illuminate/Pipeline/Pipeline.php(183): Illuminate\\Foundation\\Http\\Middleware\\VerifyCsrfToken->handle()
#25 /home/isidoredev/Documents/doc-important/Tikermas_entretiens/Api_billetterie/code_Billeterie/vendor/laravel/framework/src/Illuminate/View/Middleware/ShareErrorsFromSession.php(49): Illuminate\\Pipeline\\Pipeline->Illuminate\\Pipeline\\{closure}()
#26 /home/isidoredev/Documents/doc-important/Tikermas_entretiens/Api_billetterie/code_Billeterie/vendor/laravel/framework/src/Illuminate/Pipeline/Pipeline.php(183): Illuminate\\View\\Middleware\\ShareErrorsFromSession->handle()
#27 /home/isidoredev/Documents/doc-important/Tikermas_entretiens/Api_billetterie/code_Billeterie/vendor/laravel/framework/src/Illuminate/Session/Middleware/StartSession.php(121): Illuminate\\Pipeline\\Pipeline->Illuminate\\Pipeline\\{closure}()
#28 /home/isidoredev/Documents/doc-important/Tikermas_entretiens/Api_billetterie/code_Billeterie/vendor/laravel/framework/src/Illuminate/Session/Middleware/StartSession.php(64): Illuminate\\Session\\Middleware\\StartSession->handleStatefulRequest()
#29 /home/isidoredev/Documents/doc-important/Tikermas_entretiens/Api_billetterie/code_Billeterie/vendor/laravel/framework/src/Illuminate/Pipeline/Pipeline.php(183): Illuminate\\Session\\Middleware\\StartSession->handle()
#30 /home/isidoredev/Documents/doc-important/Tikermas_entretiens/Api_billetterie/code_Billeterie/vendor/laravel/framework/src/Illuminate/Cookie/Middleware/AddQueuedCookiesToResponse.php(37): Illuminate\\Pipeline\\Pipeline->Illuminate\\Pipeline\\{closure}()
#31 /home/isidoredev/Documents/doc-important/Tikermas_entretiens/Api_billetterie/code_Billeterie/vendor/laravel/framework/src/Illuminate/Pipeline/Pipeline.php(183): Illuminate\\Cookie\\Middleware\\AddQueuedCookiesToResponse->handle()
#32 /home/isidoredev/Documents/doc-important/Tikermas_entretiens/Api_billetterie/code_Billeterie/vendor/laravel/framework/src/Illuminate/Cookie/Middleware/EncryptCookies.php(67): Illuminate\\Pipeline\\Pipeline->Illuminate\\Pipeline\\{closure}()
#33 /home/isidoredev/Documents/doc-important/Tikermas_entretiens/Api_billetterie/code_Billeterie/vendor/laravel/framework/src/Illuminate/Pipeline/Pipeline.php(183): Illuminate\\Cookie\\Middleware\\EncryptCookies->handle()
#34 /home/isidoredev/Documents/doc-important/Tikermas_entretiens/Api_billetterie/code_Billeterie/vendor/laravel/framework/src/Illuminate/Pipeline/Pipeline.php(119): Illuminate\\Pipeline\\Pipeline->Illuminate\\Pipeline\\{closure}()
#35 /home/isidoredev/Documents/doc-important/Tikermas_entretiens/Api_billetterie/code_Billeterie/vendor/laravel/framework/src/Illuminate/Routing/Router.php(805): Illuminate\\Pipeline\\Pipeline->then()
#36 /home/isidoredev/Documents/doc-important/Tikermas_entretiens/Api_billetterie/code_Billeterie/vendor/laravel/framework/src/Illuminate/Routing/Router.php(784): Illuminate\\Routing\\Router->runRouteWithinStack()
#37 /home/isidoredev/Documents/doc-important/Tikermas_entretiens/Api_billetterie/code_Billeterie/vendor/laravel/framework/src/Illuminate/Routing/Router.php(748): Illuminate\\Routing\\Router->runRoute()
#38 /home/isidoredev/Documents/doc-important/Tikermas_entretiens/Api_billetterie/code_Billeterie/vendor/laravel/framework/src/Illuminate/Routing/Router.php(737): Illuminate\\Routing\\Router->dispatchToRoute()
#39 /home/isidoredev/Documents/doc-important/Tikermas_entretiens/Api_billetterie/code_Billeterie/vendor/laravel/framework/src/Illuminate/Foundation/Http/Kernel.php(200): Illuminate\\Routing\\Router->dispatch()
#40 /home/isidoredev/Documents/doc-important/Tikermas_entretiens/Api_billetterie/code_Billeterie/vendor/laravel/framework/src/Illuminate/Pipeline/Pipeline.php(144): Illuminate\\Foundation\\Http\\Kernel->Illuminate\\Foundation\\Http\\{closure}()
#41 /home/isidoredev/Documents/doc-important/Tikermas_entretiens/Api_billetterie/code_Billeterie/vendor/livewire/livewire/src/Features/SupportDisablingBackButtonCache/DisableBackButtonCacheMiddleware.php(19): Illuminate\\Pipeline\\Pipeline->Illuminate\\Pipeline\\{closure}()
#42 /home/isidoredev/Documents/doc-important/Tikermas_entretiens/Api_billetterie/code_Billeterie/vendor/laravel/framework/src/Illuminate/Pipeline/Pipeline.php(183): Livewire\\Features\\SupportDisablingBackButtonCache\\DisableBackButtonCacheMiddleware->handle()
#43 /home/isidoredev/Documents/doc-important/Tikermas_entretiens/Api_billetterie/code_Billeterie/vendor/laravel/framework/src/Illuminate/Foundation/Http/Middleware/TransformsRequest.php(21): Illuminate\\Pipeline\\Pipeline->Illuminate\\Pipeline\\{closure}()
#44 /home/isidoredev/Documents/doc-important/Tikermas_entretiens/Api_billetterie/code_Billeterie/vendor/laravel/framework/src/Illuminate/Foundation/Http/Middleware/ConvertEmptyStringsToNull.php(31): Illuminate\\Foundation\\Http\\Middleware\\TransformsRequest->handle()
#45 /home/isidoredev/Documents/doc-important/Tikermas_entretiens/Api_billetterie/code_Billeterie/vendor/laravel/framework/src/Illuminate/Pipeline/Pipeline.php(183): Illuminate\\Foundation\\Http\\Middleware\\ConvertEmptyStringsToNull->handle()
#46 /home/isidoredev/Documents/doc-important/Tikermas_entretiens/Api_billetterie/code_Billeterie/vendor/laravel/framework/src/Illuminate/Foundation/Http/Middleware/TransformsRequest.php(21): Illuminate\\Pipeline\\Pipeline->Illuminate\\Pipeline\\{closure}()
#47 /home/isidoredev/Documents/doc-important/Tikermas_entretiens/Api_billetterie/code_Billeterie/vendor/laravel/framework/src/Illuminate/Foundation/Http/Middleware/TrimStrings.php(40): Illuminate\\Foundation\\Http\\Middleware\\TransformsRequest->handle()
#48 /home/isidoredev/Documents/doc-important/Tikermas_entretiens/Api_billetterie/code_Billeterie/vendor/laravel/framework/src/Illuminate/Pipeline/Pipeline.php(183): Illuminate\\Foundation\\Http\\Middleware\\TrimStrings->handle()
#49 /home/isidoredev/Documents/doc-important/Tikermas_entretiens/Api_billetterie/code_Billeterie/vendor/laravel/framework/src/Illuminate/Foundation/Http/Middleware/ValidatePostSize.php(27): Illuminate\\Pipeline\\Pipeline->Illuminate\\Pipeline\\{closure}()
#50 /home/isidoredev/Documents/doc-important/Tikermas_entretiens/Api_billetterie/code_Billeterie/vendor/laravel/framework/src/Illuminate/Pipeline/Pipeline.php(183): Illuminate\\Foundation\\Http\\Middleware\\ValidatePostSize->handle()
#51 /home/isidoredev/Documents/doc-important/Tikermas_entretiens/Api_billetterie/code_Billeterie/vendor/laravel/framework/src/Illuminate/Foundation/Http/Middleware/PreventRequestsDuringMaintenance.php(99): Illuminate\\Pipeline\\Pipeline->Illuminate\\Pipeline\\{closure}()
#52 /home/isidoredev/Documents/doc-important/Tikermas_entretiens/Api_billetterie/code_Billeterie/vendor/laravel/framework/src/Illuminate/Pipeline/Pipeline.php(183): Illuminate\\Foundation\\Http\\Middleware\\PreventRequestsDuringMaintenance->handle()
#53 /home/isidoredev/Documents/doc-important/Tikermas_entretiens/Api_billetterie/code_Billeterie/vendor/laravel/framework/src/Illuminate/Http/Middleware/HandleCors.php(49): Illuminate\\Pipeline\\Pipeline->Illuminate\\Pipeline\\{closure}()
#54 /home/isidoredev/Documents/doc-important/Tikermas_entretiens/Api_billetterie/code_Billeterie/vendor/laravel/framework/src/Illuminate/Pipeline/Pipeline.php(183): Illuminate\\Http\\Middleware\\HandleCors->handle()
#55 /home/isidoredev/Documents/doc-important/Tikermas_entretiens/Api_billetterie/code_Billeterie/vendor/laravel/framework/src/Illuminate/Http/Middleware/TrustProxies.php(39): Illuminate\\Pipeline\\Pipeline->Illuminate\\Pipeline\\{closure}()
#56 /home/isidoredev/Documents/doc-important/Tikermas_entretiens/Api_billetterie/code_Billeterie/vendor/laravel/framework/src/Illuminate/Pipeline/Pipeline.php(183): Illuminate\\Http\\Middleware\\TrustProxies->handle()
#57 /home/isidoredev/Documents/doc-important/Tikermas_entretiens/Api_billetterie/code_Billeterie/vendor/laravel/framework/src/Illuminate/Pipeline/Pipeline.php(119): Illuminate\\Pipeline\\Pipeline->Illuminate\\Pipeline\\{closure}()
#58 /home/isidoredev/Documents/doc-important/Tikermas_entretiens/Api_billetterie/code_Billeterie/vendor/laravel/framework/src/Illuminate/Foundation/Http/Kernel.php(175): Illuminate\\Pipeline\\Pipeline->then()
#59 /home/isidoredev/Documents/doc-important/Tikermas_entretiens/Api_billetterie/code_Billeterie/vendor/laravel/framework/src/Illuminate/Foundation/Http/Kernel.php(144): Illuminate\\Foundation\\Http\\Kernel->sendRequestThroughRouter()
#60 /home/isidoredev/Documents/doc-important/Tikermas_entretiens/Api_billetterie/code_Billeterie/public/index.php(51): Illuminate\\Foundation\\Http\\Kernel->handle()
#61 /home/isidoredev/Documents/doc-important/Tikermas_entretiens/Api_billetterie/code_Billeterie/vendor/laravel/framework/src/Illuminate/Foundation/resources/server.php(16): require_once('...')
#62 {main}
"} 
